{"numTotalTestSuites":4,"numPassedTestSuites":0,"numFailedTestSuites":4,"numPendingTestSuites":0,"numTotalTests":18,"numPassedTests":14,"numFailedTests":4,"numPendingTests":0,"numTodoTests":0,"snapshot":{"added":0,"failure":false,"filesAdded":0,"filesRemoved":0,"filesRemovedList":[],"filesUnmatched":0,"filesUpdated":0,"matched":0,"total":0,"unchecked":0,"uncheckedKeysByFile":[],"unmatched":0,"updated":0,"didUpdate":false},"startTime":1772912808905,"success":false,"testResults":[{"assertionResults":[{"ancestorTitles":["useUser"],"fullName":"useUser starts in a loading state","status":"passed","title":"starts in a loading state","duration":18.246200000000044,"failureMessages":[],"meta":{}},{"ancestorTitles":["useUser"],"fullName":"useUser returns null user when no session exists","status":"passed","title":"returns null user when no session exists","duration":85.19999999999982,"failureMessages":[],"meta":{}},{"ancestorTitles":["useUser"],"fullName":"useUser returns user with role when session and profile exist","status":"passed","title":"returns user with role when session and profile exist","duration":71.51229999999987,"failureMessages":[],"meta":{}},{"ancestorTitles":["useUser"],"fullName":"useUser sets role to null when profile fetch returns no role","status":"failed","title":"sets role to null when profile fetch returns no role","duration":81.01220000000012,"failureMessages":["AssertionError: expected undefined to be null\n    at I:/AvailArch/src/hooks/useUser.test.ts:68:37\n    at file:///I:/AvailArch/node_modules/@vitest/runner/dist/index.js:915:20"],"meta":{}},{"ancestorTitles":["useUser"],"fullName":"useUser cleans up subscription on unmount","status":"passed","title":"cleans up subscription on unmount","duration":12.402100000000246,"failureMessages":[],"meta":{}}],"startTime":1772912811296,"endTime":1772912811564.402,"status":"failed","message":"","name":"I:/AvailArch/src/hooks/useUser.test.ts"},{"assertionResults":[{"ancestorTitles":["ProjectForm"],"fullName":"ProjectForm renders core fields and tabs","status":"passed","title":"renders core fields and tabs","duration":374.5455000000002,"failureMessages":[],"meta":{}},{"ancestorTitles":["ProjectForm"],"fullName":"ProjectForm shows scheduledFor field when status is set to draft","status":"passed","title":"shows scheduledFor field when status is set to draft","duration":32.00149999999985,"failureMessages":[],"meta":{}},{"ancestorTitles":["ProjectForm"],"fullName":"ProjectForm submits form data with uploaded main image","status":"passed","title":"submits form data with uploaded main image","duration":202.71129999999994,"failureMessages":[],"meta":{}},{"ancestorTitles":["ProjectForm"],"fullName":"ProjectForm does NOT show scheduledFor field for active or archived status","status":"passed","title":"does NOT show scheduledFor field for active or archived status","duration":27.01800000000003,"failureMessages":[],"meta":{}},{"ancestorTitles":["ProjectForm"],"fullName":"ProjectForm switches to hero tab and shows Add Hero Section button","status":"failed","title":"switches to hero tab and shows Add Hero Section button","duration":127.36929999999984,"failureMessages":["TestingLibraryElementError: Found multiple elements with the text: /Hero Sections/i\n\nHere are the matching elements:\n\nIgnored nodes: comments, script, style\n\u001b[36m<h3\u001b[39m\n  \u001b[33mclass\u001b[39m=\u001b[32m\"text-sm font-bold uppercase tracking-widest\"\u001b[39m\n\u001b[36m>\u001b[39m\n  \u001b[0mHero Sections\u001b[0m\n\u001b[36m</h3>\u001b[39m\n\nIgnored nodes: comments, script, style\n\u001b[36m<h4\u001b[39m\n  \u001b[33mclass\u001b[39m=\u001b[32m\"text-[10px] font-bold uppercase tracking-widest text-[rgba(var(--fg),0.6)] mb-4\"\u001b[39m\n\u001b[36m>\u001b[39m\n  \u001b[0mBulk Add Hero Sections\u001b[0m\n\u001b[36m</h4>\u001b[39m\n\nIgnored nodes: comments, script, style\n\u001b[36m<p\u001b[39m\n  \u001b[33mclass\u001b[39m=\u001b[32m\"text-xs text-[rgba(var(--fg),0.5)] italic\"\u001b[39m\n\u001b[36m>\u001b[39m\n  \u001b[0mNo hero sections added.\u001b[0m\n\u001b[36m</p>\u001b[39m\n\n(If this is intentional, then use the `*AllBy*` variant of the query (like `queryAllByText`, `getAllByText`, or `findAllByText`)).\n\nIgnored nodes: comments, script, style\n\u001b[36m<body>\u001b[39m\n  \u001b[36m<div>\u001b[39m\n    \u001b[36m<form\u001b[39m\n      \u001b[33mclass\u001b[39m=\u001b[32m\"grid grid-cols-1 lg:grid-cols-12 gap-12 pb-24\"\u001b[39m\n    \u001b[36m>\u001b[39m\n      \u001b[36m<div\u001b[39m\n        \u001b[33mclass\u001b[39m=\u001b[32m\"lg:col-span-3 flex lg:flex-col overflow-x-auto lg:overflow-visible gap-8 lg:gap-4 border-b lg:border-b-0 lg:border-r border-[rgba(var(--fg),0.1)] pb-4 lg:pb-0 lg:pr-8 h-fit\"\u001b[39m\n      \u001b[36m>\u001b[39m\n        \u001b[36m<button\u001b[39m\n          \u001b[33mclass\u001b[39m=\u001b[32m\"text-xs uppercase tracking-[0.2em] text-left transition-all py-2 px-2 border-l-2 border-transparent text-[rgba(var(--fg),0.5)] hover:text-[#1c1c1c] hover:pl-4\"\u001b[39m\n          \u001b[33mtype\u001b[39m=\u001b[32m\"button\"\u001b[39m\n        \u001b[36m>\u001b[39m\n          \u001b[0mgeneral\u001b[0m\n        \u001b[36m</button>\u001b[39m\n        \u001b[36m<button\u001b[39m\n          \u001b[33mclass\u001b[39m=\u001b[32m\"text-xs uppercase tracking-[0.2em] text-left transition-all py-2 px-2 border-l-2 border-[#8a9a5b] text-[#1c1c1c] font-bold pl-4 bg-[rgba(var(--fg),0.05)]\"\u001b[39m\n          \u001b[33mtype\u001b[39m=\u001b[32m\"button\"\u001b[39m\n        \u001b[36m>\u001b[39m\n          \u001b[0mhero\u001b[0m\n        \u001b[36m</button>\u001b[39m\n        \u001b[36m<button\u001b[39m\n          \u001b[33mclass\u001b[39m=\u001b[32m\"text-xs uppercase tracking-[0.2em] text-left transition-all py-2 px-2 border-l-2 border-transparent text-[rgba(var(--fg),0.5)] hover:text-[#1c1c1c] hover:pl-4\"\u001b[39m\n          \u001b[33mtype\u001b[39m=\u001b[32m\"button\"\u001b[39m\n        \u001b[36m>\u001b[39m\n          \u001b[0mspaces\u001b[0m\n        \u001b[36m</button>\u001b[39m\n        \u001b[36m<button\u001b[39m\n          \u001b[33mclass\u001b[39m=\u001b[32m\"text-xs uppercase tracking-[0.2em] text-left transition-all py-2 px-2 border-l-2 border-transparent text-[rgba(var(--fg),0.5)] hover:text-[#1c1c1c] hover:pl-4\"\u001b[39m\n          \u001b[33mtype\u001b[39m=\u001b[32m\"button\"\u001b[39m\n        \u001b[36m>\u001b[39m\n          \u001b[0mgallery\u001b[0m\n        \u001b[36m</button>\u001b[39m\n      \u001b[36m</div>\u001b[39m\n      \u001b[36m<div\u001b[39m\n        \u001b[33mclass\u001b[39m=\u001b[32m\"lg:col-span-9 min-h-[500px]\"\u001b[39m\n      \u001b[36m>\u001b[39m\n        \u001b[36m<div\u001b[39m\n          \u001b[33mclass\u001b[39m=\u001b[32m\"hidden\"\u001b[39m\n        \u001b[36m>\u001b[39m\n          \u001b[36m<div\u001b[39m\n            \u001b[33mclass\u001b[39m=\u001b[32m\"grid grid-cols-1 md:grid-cols-2 gap-x-12 gap-y-8\"\u001b[39m\n          \u001b[36m>\u001b[39m\n            \u001b[36m<div\u001b[39m\n              \u001b[33mclass\u001b[39m=\u001b[32m\"space-y-2 group\"\u001b[39m\n            \u001b[36m>\u001b[39m\n              \u001b[36m<label\u001b[39m\n                \u001b[33mclass\u001b[39m=\u001b[32m\"text-[9px] font-bold uppercase tracking-[0.15em] text-[rgba(var(--fg),0.5)] group-focus-within:text-[#1c1c1c] transition-colors\"\u001b[39m\n                \u001b[33mfor\u001b[39m=\u001b[32m\"title\"\u001b[39m\n              \u001b[36m>\u001b[39m\n                \u001b[0mProject Title\u001b[0m\n              \u001b[36m</label>\u001b[39m\n              \u001b[36m<input\u001b[39m\n                \u001b[33mclass\u001b[39m=\u001b[32m\"w-full pb-2 bg-transparent border-b border-[rgba(var(--fg),0.2)] focus:border-[#8a9a5b] transition-colors outline-none text-sm font-medium placeholder:text-[rgba(var(--fg),0.4)] font-mono\"\u001b[39m\n                \u001b[33mid\u001b[39m=\u001b[32m\"title\"\u001b[39m\n                \u001b[33mname\u001b[39m=\u001b[32m\"title\"\u001b[39m\n                \u001b[33mplaceholder\u001b[39m=\u001b[32m\"Project Name\"\u001b[39m\n              \u001b[36m/>\u001b[39m\n            \u001b[36m</div>\u001b[39m\n            \u001b[36m<div\u001b[39m\n              \u001b[33mclass\u001b[39m=\u001b[32m\"space-y-2 group\"\u001b[39m\n            \u001b[36m>\u001b[39m\n              \u001b[36m<label\u001b[39m\n                \u001b[33mclass\u001b[39m=\u001b[32m\"text-[9px] font-bold uppercase tracking-[0.15em] text-[rgba(var(--fg),0.5)] group-focus-within:text-[#1c1c1c] transition-colors\"\u001b[39m\n                \u001b[33mfor\u001b[39m=\u001b[32m\"year\"\u001b[39m\n              \u001b[36m>\u001b[39m\n                \u001b[0mYear\u001b[0m\n              \u001b[36m</label>\u001b[39m\n              \u001b[36m<input\u001b[39m\n                \u001b[33mclass\u001b[39m=\u001b[32m\"w-full pb-2 bg-transparent border-b border-[rgba(var(--fg),0.2)] focus:border-[#8a9a5b] transition-colors outline-none text-sm font-medium placeholder:text-[rgba(var(--fg),0.4)] font-mono\"\u001b[39m\n                \u001b[33mid\u001b[39m=\u001b[32m\"year\"\u001b[39m\n                \u001b[33mname\u001b[39m=\u001b[32m\"year\"\u001b[39m\n                \u001b[33mplaceholder\u001b[39m=\u001b[32m\"2024\"\u001b[39m\n              \u001b[36m/>\u001b[39m\n            \u001b[36m</div>\u001b[39m\n            \u001b[36m<div\u001b[39m\n              \u001b[33mclass\u001b[39m=\u001b[32m\"space-y-2 group\"\u001b[39m\n            \u001b[36m>\u001b[39m\n              \u001b[36m<label\u001b[39m\n                \u001b[33mclass\u001b[39m=\u001b[32m\"text-[9px] font-bold uppercase tracking-[0.15em] text-[rgba(var(--fg),0.5)] group-focus-within:text-[#1c1c1c] transition-colors\"\u001b[39m\n                \u001b[33mfor\u001b[39m=\u001b[32m\"category\"\u001b[39m\n              \u001b[36m>\u001b[39m\n                \u001b[0mCategory\u001b[0m\n              \u001b[36m</label>\u001b[39m\n              \u001b[36m<input\u001b[39m\n                \u001b[33mclass\u001b[39m=\u001b[32m\"w-full pb-2 bg-transparent border-b border-[rgba(var(--fg),0.2)] focus:border-[#8a9a5b] transition-colors outline-none text-sm font-medium placeholder:text-[rgba(var(--fg),0.4)] font-mono\"\u001b[39m\n                \u001b[33mid\u001b[39m=\u001b[32m\"category\"\u001b[39m\n                \u001b[33mname\u001b[39m=\u001b[32m\"category\"\u001b[39m\n                \u001b[33mplaceholder\u001b[39m=\u001b[32m\"Residential\"\u001b[39m\n              \u001b[36m/>\u001b[39m\n            \u001b[36m</div>\u001b[39m\n            \u001b[36m<div\u001b[39m\n              \u001b[33mclass\u001b[39m=\u001b[32m\"md:col-span-2\"\u001b[39m\n            \u001b[36m>\u001b[39m\n              \u001b[36m<button\u001b[39m\n                \u001b[33mtype\u001b[39m=\u001b[32m\"button\"\u001b[39m\n              \u001b[36m>\u001b[39m\n                \u001b[0mMain Project Image\u001b[0m\n              \u001b[36m</button>\u001b[39m\n            \u001b[36m</div>\u001b[39m\n            \u001b[36m<div\u001b[39m\n              \u001b[33mclass\u001b[39m=\u001b[32m\"md:col-span-2 grid grid-cols-1 md:grid-cols-2 gap-x-12 gap-y-8 bg-[rgba(var(--fg),0.02)] p-6 border border-[rgba(var(--fg),0.1)]\"\u001b[39m\n            \u001b[36m>\u001b[39m\n              \u001b[36m<div\u001b[39m\n                \u001b[33mclass\u001b[39m=\u001b[32m\"space-y-2 group\"\u001b[39m\n              \u001b[36m>\u001b[39m\n                \u001b[36m<label\u001b[39m\n                  \u001b[33mclass\u001b[39m=\u001b[32m\"text-[9px] font-bold uppercase tracking-[0.15em] text-[rgba(var(--fg),0.5)] group-focus-within:text-[#1c1c1c] transition-colors\"\u001b[39m\n                  \u001b[33mfor\u001b[39m=\u001b[32m\"status\"\u001b[39m\n                \u001b[36m>\u001b[39m\n                  \u001b[0mProject Status\u001b[0m\n                \u001b[36m</label>\u001b[39m\n                \u001b[36m<select\u001b[39m\n                  \u001b[33mclass\u001b[39m=\u001b[32m\"w-full pb-2 bg-transparent border-b border-[rgba(var(--fg),0.2)] focus:border-[#8a9a5b] transition-colors outline-none text-sm font-medium uppercase cursor-pointer\"\u001b[39m\n                  \u001b[33mid\u001b[39m=\u001b[32m\"status\"\u001b[39m\n                  \u001b[33mname\u001b[39m=\u001b[32m\"status\"\u001b[39m\n                \u001b[36m>\u001b[39m\n                  \u001b[36m<option\u001b[39m\n                    \u001b[33mvalue\u001b[39m=\u001b[32m\"active\"\u001b[39m\n                  \u001b[36m>\u001b[39m\n                    \u001b[0mActive (Visible)\u001b[0m\n                  \u001b[36m</option>\u001b[39m\n                  \u001b[36m<option\u001b[39m\n                    \u001b[33mvalue\u001b[39m=\u001b[32m\"draft\"\u001b[39m\n                  \u001b[36m>\u001b[39m\n                    \u001b[0mDraft (Hidden)\u001b[0m\n                  \u001b[36m</option>\u001b[39m\n                  \u001b[36m<option\u001b[39m\n                    \u001b[33mvalue\u001b[39m=\u001b[32m\"archived\"\u001b[39m\n                  \u001b[36m>\u001b[39m\n                    \u001b[0mArchived\u001b[0m\n                  \u001b[36m</option>\u001b[39m\n                \u001b[36m</select>\u001b[39m\n              \u001b[36m</div>\u001b[39m\n            \u001b[36m</div>\u001b[39m\n            \u001b[3...\n    at Object.getElementError (I:\\AvailArch\\node_modules\\@testing-library\\dom\\dist\\config.js:37:19)\n    at getElementError (I:\\AvailArch\\node_modules\\@testing-library\\dom\\dist\\query-helpers.js:20:35)\n    at getMultipleElementsFoundError (I:\\AvailArch\\node_modules\\@testing-library\\dom\\dist\\query-helpers.js:23:10)\n    at I:\\AvailArch\\node_modules\\@testing-library\\dom\\dist\\query-helpers.js:55:13\n    at I:\\AvailArch\\node_modules\\@testing-library\\dom\\dist\\query-helpers.js:95:19\n    at I:/AvailArch/src/components/admin/ProjectForm.test.tsx:64:23\n    at file:///I:/AvailArch/node_modules/@vitest/runner/dist/index.js:145:11\n    at file:///I:/AvailArch/node_modules/@vitest/runner/dist/index.js:915:26\n    at file:///I:/AvailArch/node_modules/@vitest/runner/dist/index.js:1243:20\n    at new Promise (<anonymous>)"],"meta":{}},{"ancestorTitles":["ProjectForm"],"fullName":"ProjectForm adds a new hero section when Add Hero Section is clicked","status":"failed","title":"adds a new hero section when Add Hero Section is clicked","duration":199.02100000000019,"failureMessages":["TestingLibraryElementError: Unable to find an element with the text: /New Section/i. This could be because the text is broken up by multiple elements. In this case, you can provide a function for your text matcher to make your matcher more flexible.\n\nIgnored nodes: comments, script, style\n\u001b[36m<body>\u001b[39m\n  \u001b[36m<div>\u001b[39m\n    \u001b[36m<form\u001b[39m\n      \u001b[33mclass\u001b[39m=\u001b[32m\"grid grid-cols-1 lg:grid-cols-12 gap-12 pb-24\"\u001b[39m\n    \u001b[36m>\u001b[39m\n      \u001b[36m<div\u001b[39m\n        \u001b[33mclass\u001b[39m=\u001b[32m\"lg:col-span-3 flex lg:flex-col overflow-x-auto lg:overflow-visible gap-8 lg:gap-4 border-b lg:border-b-0 lg:border-r border-[rgba(var(--fg),0.1)] pb-4 lg:pb-0 lg:pr-8 h-fit\"\u001b[39m\n      \u001b[36m>\u001b[39m\n        \u001b[36m<button\u001b[39m\n          \u001b[33mclass\u001b[39m=\u001b[32m\"text-xs uppercase tracking-[0.2em] text-left transition-all py-2 px-2 border-l-2 border-transparent text-[rgba(var(--fg),0.5)] hover:text-[#1c1c1c] hover:pl-4\"\u001b[39m\n          \u001b[33mtype\u001b[39m=\u001b[32m\"button\"\u001b[39m\n        \u001b[36m>\u001b[39m\n          \u001b[0mgeneral\u001b[0m\n        \u001b[36m</button>\u001b[39m\n        \u001b[36m<button\u001b[39m\n          \u001b[33mclass\u001b[39m=\u001b[32m\"text-xs uppercase tracking-[0.2em] text-left transition-all py-2 px-2 border-l-2 border-[#8a9a5b] text-[#1c1c1c] font-bold pl-4 bg-[rgba(var(--fg),0.05)]\"\u001b[39m\n          \u001b[33mtype\u001b[39m=\u001b[32m\"button\"\u001b[39m\n        \u001b[36m>\u001b[39m\n          \u001b[0mhero\u001b[0m\n        \u001b[36m</button>\u001b[39m\n        \u001b[36m<button\u001b[39m\n          \u001b[33mclass\u001b[39m=\u001b[32m\"text-xs uppercase tracking-[0.2em] text-left transition-all py-2 px-2 border-l-2 border-transparent text-[rgba(var(--fg),0.5)] hover:text-[#1c1c1c] hover:pl-4\"\u001b[39m\n          \u001b[33mtype\u001b[39m=\u001b[32m\"button\"\u001b[39m\n        \u001b[36m>\u001b[39m\n          \u001b[0mspaces\u001b[0m\n        \u001b[36m</button>\u001b[39m\n        \u001b[36m<button\u001b[39m\n          \u001b[33mclass\u001b[39m=\u001b[32m\"text-xs uppercase tracking-[0.2em] text-left transition-all py-2 px-2 border-l-2 border-transparent text-[rgba(var(--fg),0.5)] hover:text-[#1c1c1c] hover:pl-4\"\u001b[39m\n          \u001b[33mtype\u001b[39m=\u001b[32m\"button\"\u001b[39m\n        \u001b[36m>\u001b[39m\n          \u001b[0mgallery\u001b[0m\n        \u001b[36m</button>\u001b[39m\n      \u001b[36m</div>\u001b[39m\n      \u001b[36m<div\u001b[39m\n        \u001b[33mclass\u001b[39m=\u001b[32m\"lg:col-span-9 min-h-[500px]\"\u001b[39m\n      \u001b[36m>\u001b[39m\n        \u001b[36m<div\u001b[39m\n          \u001b[33mclass\u001b[39m=\u001b[32m\"hidden\"\u001b[39m\n        \u001b[36m>\u001b[39m\n          \u001b[36m<div\u001b[39m\n            \u001b[33mclass\u001b[39m=\u001b[32m\"grid grid-cols-1 md:grid-cols-2 gap-x-12 gap-y-8\"\u001b[39m\n          \u001b[36m>\u001b[39m\n            \u001b[36m<div\u001b[39m\n              \u001b[33mclass\u001b[39m=\u001b[32m\"space-y-2 group\"\u001b[39m\n            \u001b[36m>\u001b[39m\n              \u001b[36m<label\u001b[39m\n                \u001b[33mclass\u001b[39m=\u001b[32m\"text-[9px] font-bold uppercase tracking-[0.15em] text-[rgba(var(--fg),0.5)] group-focus-within:text-[#1c1c1c] transition-colors\"\u001b[39m\n                \u001b[33mfor\u001b[39m=\u001b[32m\"title\"\u001b[39m\n              \u001b[36m>\u001b[39m\n                \u001b[0mProject Title\u001b[0m\n              \u001b[36m</label>\u001b[39m\n              \u001b[36m<input\u001b[39m\n                \u001b[33mclass\u001b[39m=\u001b[32m\"w-full pb-2 bg-transparent border-b border-[rgba(var(--fg),0.2)] focus:border-[#8a9a5b] transition-colors outline-none text-sm font-medium placeholder:text-[rgba(var(--fg),0.4)] font-mono\"\u001b[39m\n                \u001b[33mid\u001b[39m=\u001b[32m\"title\"\u001b[39m\n                \u001b[33mname\u001b[39m=\u001b[32m\"title\"\u001b[39m\n                \u001b[33mplaceholder\u001b[39m=\u001b[32m\"Project Name\"\u001b[39m\n              \u001b[36m/>\u001b[39m\n            \u001b[36m</div>\u001b[39m\n            \u001b[36m<div\u001b[39m\n              \u001b[33mclass\u001b[39m=\u001b[32m\"space-y-2 group\"\u001b[39m\n            \u001b[36m>\u001b[39m\n              \u001b[36m<label\u001b[39m\n                \u001b[33mclass\u001b[39m=\u001b[32m\"text-[9px] font-bold uppercase tracking-[0.15em] text-[rgba(var(--fg),0.5)] group-focus-within:text-[#1c1c1c] transition-colors\"\u001b[39m\n                \u001b[33mfor\u001b[39m=\u001b[32m\"year\"\u001b[39m\n              \u001b[36m>\u001b[39m\n                \u001b[0mYear\u001b[0m\n              \u001b[36m</label>\u001b[39m\n              \u001b[36m<input\u001b[39m\n                \u001b[33mclass\u001b[39m=\u001b[32m\"w-full pb-2 bg-transparent border-b border-[rgba(var(--fg),0.2)] focus:border-[#8a9a5b] transition-colors outline-none text-sm font-medium placeholder:text-[rgba(var(--fg),0.4)] font-mono\"\u001b[39m\n                \u001b[33mid\u001b[39m=\u001b[32m\"year\"\u001b[39m\n                \u001b[33mname\u001b[39m=\u001b[32m\"year\"\u001b[39m\n                \u001b[33mplaceholder\u001b[39m=\u001b[32m\"2024\"\u001b[39m\n              \u001b[36m/>\u001b[39m\n            \u001b[36m</div>\u001b[39m\n            \u001b[36m<div\u001b[39m\n              \u001b[33mclass\u001b[39m=\u001b[32m\"space-y-2 group\"\u001b[39m\n            \u001b[36m>\u001b[39m\n              \u001b[36m<label\u001b[39m\n                \u001b[33mclass\u001b[39m=\u001b[32m\"text-[9px] font-bold uppercase tracking-[0.15em] text-[rgba(var(--fg),0.5)] group-focus-within:text-[#1c1c1c] transition-colors\"\u001b[39m\n                \u001b[33mfor\u001b[39m=\u001b[32m\"category\"\u001b[39m\n              \u001b[36m>\u001b[39m\n                \u001b[0mCategory\u001b[0m\n              \u001b[36m</label>\u001b[39m\n              \u001b[36m<input\u001b[39m\n                \u001b[33mclass\u001b[39m=\u001b[32m\"w-full pb-2 bg-transparent border-b border-[rgba(var(--fg),0.2)] focus:border-[#8a9a5b] transition-colors outline-none text-sm font-medium placeholder:text-[rgba(var(--fg),0.4)] font-mono\"\u001b[39m\n                \u001b[33mid\u001b[39m=\u001b[32m\"category\"\u001b[39m\n                \u001b[33mname\u001b[39m=\u001b[32m\"category\"\u001b[39m\n                \u001b[33mplaceholder\u001b[39m=\u001b[32m\"Residential\"\u001b[39m\n              \u001b[36m/>\u001b[39m\n            \u001b[36m</div>\u001b[39m\n            \u001b[36m<div\u001b[39m\n              \u001b[33mclass\u001b[39m=\u001b[32m\"md:col-span-2\"\u001b[39m\n            \u001b[36m>\u001b[39m\n              \u001b[36m<button\u001b[39m\n                \u001b[33mtype\u001b[39m=\u001b[32m\"button\"\u001b[39m\n              \u001b[36m>\u001b[39m\n                \u001b[0mMain Project Image\u001b[0m\n              \u001b[36m</button>\u001b[39m\n            \u001b[36m</div>\u001b[39m\n            \u001b[36m<div\u001b[39m\n              \u001b[33mclass\u001b[39m=\u001b[32m\"md:col-span-2 grid grid-cols-1 md:grid-cols-2 gap-x-12 gap-y-8 bg-[rgba(var(--fg),0.02)] p-6 border border-[rgba(var(--fg),0.1)]\"\u001b[39m\n            \u001b[36m>\u001b[39m\n              \u001b[36m<div\u001b[39m\n                \u001b[33mclass\u001b[39m=\u001b[32m\"space-y-2 group\"\u001b[39m\n              \u001b[36m>\u001b[39m\n                \u001b[36m<label\u001b[39m\n                  \u001b[33mclass\u001b[39m=\u001b[32m\"text-[9px] font-bold uppercase tracking-[0.15em] text-[rgba(var(--fg),0.5)] group-focus-within:text-[#1c1c1c] transition-colors\"\u001b[39m\n                  \u001b[33mfor\u001b[39m=\u001b[32m\"status\"\u001b[39m\n                \u001b[36m>\u001b[39m\n                  \u001b[0mProject Status\u001b[0m\n                \u001b[36m</label>\u001b[39m\n                \u001b[36m<select\u001b[39m\n                  \u001b[33mclass\u001b[39m=\u001b[32m\"w-full pb-2 bg-transparent border-b border-[rgba(var(--fg),0.2)] focus:border-[#8a9a5b] transition-colors outline-none text-sm font-medium uppercase cursor-pointer\"\u001b[39m\n                  \u001b[33mid\u001b[39m=\u001b[32m\"status\"\u001b[39m\n                  \u001b[33mname\u001b[39m=\u001b[32m\"status\"\u001b[39m\n                \u001b[36m>\u001b[39m\n                  \u001b[36m<option\u001b[39m\n                    \u001b[33mvalue\u001b[39m=\u001b[32m\"active\"\u001b[39m\n                  \u001b[36m>\u001b[39m\n                    \u001b[0mActive (Visible)\u001b[0m\n                  \u001b[36m</option>\u001b[39m\n                  \u001b[36m<option\u001b[39m\n                    \u001b[33mvalue\u001b[39m=\u001b[32m\"draft\"\u001b[39m\n                  \u001b[36m>\u001b[39m\n                    \u001b[0mDraft (Hidden)\u001b[0m\n                  \u001b[36m</option>\u001b[39m\n                  \u001b[36m<option\u001b[39m\n                    \u001b[33mvalue\u001b[39m=\u001b[32m\"archived\"\u001b[39m\n                  \u001b[36m>\u001b[39m\n                    \u001b[0mArchived\u001b[0m\n                  \u001b[36m</option>\u001b[39m\n                \u001b[36m</select>\u001b[39m\n              \u001b[36m</div>\u001b[39m\n            \u001b[36m</div>\u001b[39m\n            \u001b[3...\n    at Object.getElementError (I:\\AvailArch\\node_modules\\@testing-library\\dom\\dist\\config.js:37:19)\n    at I:\\AvailArch\\node_modules\\@testing-library\\dom\\dist\\query-helpers.js:76:38\n    at I:\\AvailArch\\node_modules\\@testing-library\\dom\\dist\\query-helpers.js:109:15\n    at I:/AvailArch/src/components/admin/ProjectForm.test.tsx:73:23\n    at file:///I:/AvailArch/node_modules/@vitest/runner/dist/index.js:145:11\n    at file:///I:/AvailArch/node_modules/@vitest/runner/dist/index.js:915:26\n    at file:///I:/AvailArch/node_modules/@vitest/runner/dist/index.js:1243:20\n    at new Promise (<anonymous>)\n    at runWithTimeout (file:///I:/AvailArch/node_modules/@vitest/runner/dist/index.js:1209:10)\n    at file:///I:/AvailArch/node_modules/@vitest/runner/dist/index.js:1653:37"],"meta":{}},{"ancestorTitles":["ProjectForm"],"fullName":"ProjectForm removes a hero section when the trash icon is clicked","status":"failed","title":"removes a hero section when the trash icon is clicked","duration":194.55629999999974,"failureMessages":["TestingLibraryElementError: Unable to find an element with the text: /New Section/i. This could be because the text is broken up by multiple elements. In this case, you can provide a function for your text matcher to make your matcher more flexible.\n\nIgnored nodes: comments, script, style\n\u001b[36m<body>\u001b[39m\n  \u001b[36m<div>\u001b[39m\n    \u001b[36m<form\u001b[39m\n      \u001b[33mclass\u001b[39m=\u001b[32m\"grid grid-cols-1 lg:grid-cols-12 gap-12 pb-24\"\u001b[39m\n    \u001b[36m>\u001b[39m\n      \u001b[36m<div\u001b[39m\n        \u001b[33mclass\u001b[39m=\u001b[32m\"lg:col-span-3 flex lg:flex-col overflow-x-auto lg:overflow-visible gap-8 lg:gap-4 border-b lg:border-b-0 lg:border-r border-[rgba(var(--fg),0.1)] pb-4 lg:pb-0 lg:pr-8 h-fit\"\u001b[39m\n      \u001b[36m>\u001b[39m\n        \u001b[36m<button\u001b[39m\n          \u001b[33mclass\u001b[39m=\u001b[32m\"text-xs uppercase tracking-[0.2em] text-left transition-all py-2 px-2 border-l-2 border-transparent text-[rgba(var(--fg),0.5)] hover:text-[#1c1c1c] hover:pl-4\"\u001b[39m\n          \u001b[33mtype\u001b[39m=\u001b[32m\"button\"\u001b[39m\n        \u001b[36m>\u001b[39m\n          \u001b[0mgeneral\u001b[0m\n        \u001b[36m</button>\u001b[39m\n        \u001b[36m<button\u001b[39m\n          \u001b[33mclass\u001b[39m=\u001b[32m\"text-xs uppercase tracking-[0.2em] text-left transition-all py-2 px-2 border-l-2 border-[#8a9a5b] text-[#1c1c1c] font-bold pl-4 bg-[rgba(var(--fg),0.05)]\"\u001b[39m\n          \u001b[33mtype\u001b[39m=\u001b[32m\"button\"\u001b[39m\n        \u001b[36m>\u001b[39m\n          \u001b[0mhero\u001b[0m\n        \u001b[36m</button>\u001b[39m\n        \u001b[36m<button\u001b[39m\n          \u001b[33mclass\u001b[39m=\u001b[32m\"text-xs uppercase tracking-[0.2em] text-left transition-all py-2 px-2 border-l-2 border-transparent text-[rgba(var(--fg),0.5)] hover:text-[#1c1c1c] hover:pl-4\"\u001b[39m\n          \u001b[33mtype\u001b[39m=\u001b[32m\"button\"\u001b[39m\n        \u001b[36m>\u001b[39m\n          \u001b[0mspaces\u001b[0m\n        \u001b[36m</button>\u001b[39m\n        \u001b[36m<button\u001b[39m\n          \u001b[33mclass\u001b[39m=\u001b[32m\"text-xs uppercase tracking-[0.2em] text-left transition-all py-2 px-2 border-l-2 border-transparent text-[rgba(var(--fg),0.5)] hover:text-[#1c1c1c] hover:pl-4\"\u001b[39m\n          \u001b[33mtype\u001b[39m=\u001b[32m\"button\"\u001b[39m\n        \u001b[36m>\u001b[39m\n          \u001b[0mgallery\u001b[0m\n        \u001b[36m</button>\u001b[39m\n      \u001b[36m</div>\u001b[39m\n      \u001b[36m<div\u001b[39m\n        \u001b[33mclass\u001b[39m=\u001b[32m\"lg:col-span-9 min-h-[500px]\"\u001b[39m\n      \u001b[36m>\u001b[39m\n        \u001b[36m<div\u001b[39m\n          \u001b[33mclass\u001b[39m=\u001b[32m\"hidden\"\u001b[39m\n        \u001b[36m>\u001b[39m\n          \u001b[36m<div\u001b[39m\n            \u001b[33mclass\u001b[39m=\u001b[32m\"grid grid-cols-1 md:grid-cols-2 gap-x-12 gap-y-8\"\u001b[39m\n          \u001b[36m>\u001b[39m\n            \u001b[36m<div\u001b[39m\n              \u001b[33mclass\u001b[39m=\u001b[32m\"space-y-2 group\"\u001b[39m\n            \u001b[36m>\u001b[39m\n              \u001b[36m<label\u001b[39m\n                \u001b[33mclass\u001b[39m=\u001b[32m\"text-[9px] font-bold uppercase tracking-[0.15em] text-[rgba(var(--fg),0.5)] group-focus-within:text-[#1c1c1c] transition-colors\"\u001b[39m\n                \u001b[33mfor\u001b[39m=\u001b[32m\"title\"\u001b[39m\n              \u001b[36m>\u001b[39m\n                \u001b[0mProject Title\u001b[0m\n              \u001b[36m</label>\u001b[39m\n              \u001b[36m<input\u001b[39m\n                \u001b[33mclass\u001b[39m=\u001b[32m\"w-full pb-2 bg-transparent border-b border-[rgba(var(--fg),0.2)] focus:border-[#8a9a5b] transition-colors outline-none text-sm font-medium placeholder:text-[rgba(var(--fg),0.4)] font-mono\"\u001b[39m\n                \u001b[33mid\u001b[39m=\u001b[32m\"title\"\u001b[39m\n                \u001b[33mname\u001b[39m=\u001b[32m\"title\"\u001b[39m\n                \u001b[33mplaceholder\u001b[39m=\u001b[32m\"Project Name\"\u001b[39m\n              \u001b[36m/>\u001b[39m\n            \u001b[36m</div>\u001b[39m\n            \u001b[36m<div\u001b[39m\n              \u001b[33mclass\u001b[39m=\u001b[32m\"space-y-2 group\"\u001b[39m\n            \u001b[36m>\u001b[39m\n              \u001b[36m<label\u001b[39m\n                \u001b[33mclass\u001b[39m=\u001b[32m\"text-[9px] font-bold uppercase tracking-[0.15em] text-[rgba(var(--fg),0.5)] group-focus-within:text-[#1c1c1c] transition-colors\"\u001b[39m\n                \u001b[33mfor\u001b[39m=\u001b[32m\"year\"\u001b[39m\n              \u001b[36m>\u001b[39m\n                \u001b[0mYear\u001b[0m\n              \u001b[36m</label>\u001b[39m\n              \u001b[36m<input\u001b[39m\n                \u001b[33mclass\u001b[39m=\u001b[32m\"w-full pb-2 bg-transparent border-b border-[rgba(var(--fg),0.2)] focus:border-[#8a9a5b] transition-colors outline-none text-sm font-medium placeholder:text-[rgba(var(--fg),0.4)] font-mono\"\u001b[39m\n                \u001b[33mid\u001b[39m=\u001b[32m\"year\"\u001b[39m\n                \u001b[33mname\u001b[39m=\u001b[32m\"year\"\u001b[39m\n                \u001b[33mplaceholder\u001b[39m=\u001b[32m\"2024\"\u001b[39m\n              \u001b[36m/>\u001b[39m\n            \u001b[36m</div>\u001b[39m\n            \u001b[36m<div\u001b[39m\n              \u001b[33mclass\u001b[39m=\u001b[32m\"space-y-2 group\"\u001b[39m\n            \u001b[36m>\u001b[39m\n              \u001b[36m<label\u001b[39m\n                \u001b[33mclass\u001b[39m=\u001b[32m\"text-[9px] font-bold uppercase tracking-[0.15em] text-[rgba(var(--fg),0.5)] group-focus-within:text-[#1c1c1c] transition-colors\"\u001b[39m\n                \u001b[33mfor\u001b[39m=\u001b[32m\"category\"\u001b[39m\n              \u001b[36m>\u001b[39m\n                \u001b[0mCategory\u001b[0m\n              \u001b[36m</label>\u001b[39m\n              \u001b[36m<input\u001b[39m\n                \u001b[33mclass\u001b[39m=\u001b[32m\"w-full pb-2 bg-transparent border-b border-[rgba(var(--fg),0.2)] focus:border-[#8a9a5b] transition-colors outline-none text-sm font-medium placeholder:text-[rgba(var(--fg),0.4)] font-mono\"\u001b[39m\n                \u001b[33mid\u001b[39m=\u001b[32m\"category\"\u001b[39m\n                \u001b[33mname\u001b[39m=\u001b[32m\"category\"\u001b[39m\n                \u001b[33mplaceholder\u001b[39m=\u001b[32m\"Residential\"\u001b[39m\n              \u001b[36m/>\u001b[39m\n            \u001b[36m</div>\u001b[39m\n            \u001b[36m<div\u001b[39m\n              \u001b[33mclass\u001b[39m=\u001b[32m\"md:col-span-2\"\u001b[39m\n            \u001b[36m>\u001b[39m\n              \u001b[36m<button\u001b[39m\n                \u001b[33mtype\u001b[39m=\u001b[32m\"button\"\u001b[39m\n              \u001b[36m>\u001b[39m\n                \u001b[0mMain Project Image\u001b[0m\n              \u001b[36m</button>\u001b[39m\n            \u001b[36m</div>\u001b[39m\n            \u001b[36m<div\u001b[39m\n              \u001b[33mclass\u001b[39m=\u001b[32m\"md:col-span-2 grid grid-cols-1 md:grid-cols-2 gap-x-12 gap-y-8 bg-[rgba(var(--fg),0.02)] p-6 border border-[rgba(var(--fg),0.1)]\"\u001b[39m\n            \u001b[36m>\u001b[39m\n              \u001b[36m<div\u001b[39m\n                \u001b[33mclass\u001b[39m=\u001b[32m\"space-y-2 group\"\u001b[39m\n              \u001b[36m>\u001b[39m\n                \u001b[36m<label\u001b[39m\n                  \u001b[33mclass\u001b[39m=\u001b[32m\"text-[9px] font-bold uppercase tracking-[0.15em] text-[rgba(var(--fg),0.5)] group-focus-within:text-[#1c1c1c] transition-colors\"\u001b[39m\n                  \u001b[33mfor\u001b[39m=\u001b[32m\"status\"\u001b[39m\n                \u001b[36m>\u001b[39m\n                  \u001b[0mProject Status\u001b[0m\n                \u001b[36m</label>\u001b[39m\n                \u001b[36m<select\u001b[39m\n                  \u001b[33mclass\u001b[39m=\u001b[32m\"w-full pb-2 bg-transparent border-b border-[rgba(var(--fg),0.2)] focus:border-[#8a9a5b] transition-colors outline-none text-sm font-medium uppercase cursor-pointer\"\u001b[39m\n                  \u001b[33mid\u001b[39m=\u001b[32m\"status\"\u001b[39m\n                  \u001b[33mname\u001b[39m=\u001b[32m\"status\"\u001b[39m\n                \u001b[36m>\u001b[39m\n                  \u001b[36m<option\u001b[39m\n                    \u001b[33mvalue\u001b[39m=\u001b[32m\"active\"\u001b[39m\n                  \u001b[36m>\u001b[39m\n                    \u001b[0mActive (Visible)\u001b[0m\n                  \u001b[36m</option>\u001b[39m\n                  \u001b[36m<option\u001b[39m\n                    \u001b[33mvalue\u001b[39m=\u001b[32m\"draft\"\u001b[39m\n                  \u001b[36m>\u001b[39m\n                    \u001b[0mDraft (Hidden)\u001b[0m\n                  \u001b[36m</option>\u001b[39m\n                  \u001b[36m<option\u001b[39m\n                    \u001b[33mvalue\u001b[39m=\u001b[32m\"archived\"\u001b[39m\n                  \u001b[36m>\u001b[39m\n                    \u001b[0mArchived\u001b[0m\n                  \u001b[36m</option>\u001b[39m\n                \u001b[36m</select>\u001b[39m\n              \u001b[36m</div>\u001b[39m\n            \u001b[36m</div>\u001b[39m\n            \u001b[3...\n    at Object.getElementError (I:\\AvailArch\\node_modules\\@testing-library\\dom\\dist\\config.js:37:19)\n    at I:\\AvailArch\\node_modules\\@testing-library\\dom\\dist\\query-helpers.js:76:38\n    at I:\\AvailArch\\node_modules\\@testing-library\\dom\\dist\\query-helpers.js:109:15\n    at I:/AvailArch/src/components/admin/ProjectForm.test.tsx:82:23\n    at file:///I:/AvailArch/node_modules/@vitest/runner/dist/index.js:145:11\n    at file:///I:/AvailArch/node_modules/@vitest/runner/dist/index.js:915:26\n    at file:///I:/AvailArch/node_modules/@vitest/runner/dist/index.js:1243:20\n    at new Promise (<anonymous>)\n    at runWithTimeout (file:///I:/AvailArch/node_modules/@vitest/runner/dist/index.js:1209:10)\n    at file:///I:/AvailArch/node_modules/@vitest/runner/dist/index.js:1653:37"],"meta":{}},{"ancestorTitles":["ProjectForm"],"fullName":"ProjectForm switches to spaces tab and shows Add Space button","status":"passed","title":"switches to spaces tab and shows Add Space button","duration":177.64570000000003,"failureMessages":[],"meta":{}},{"ancestorTitles":["ProjectForm"],"fullName":"ProjectForm switches to gallery tab and shows Add Image button","status":"passed","title":"switches to gallery tab and shows Add Image button","duration":174.03909999999996,"failureMessages":[],"meta":{}},{"ancestorTitles":["ProjectForm"],"fullName":"ProjectForm pre-populates all fields when initialData is provided (edit mode)","status":"passed","title":"pre-populates all fields when initialData is provided (edit mode)","duration":15.160899999999856,"failureMessages":[],"meta":{}},{"ancestorTitles":["ProjectForm"],"fullName":"ProjectForm disables the save button when isLoading is true","status":"passed","title":"disables the save button when isLoading is true","duration":89.99789999999985,"failureMessages":[],"meta":{}},{"ancestorTitles":["ProjectForm"],"fullName":"ProjectForm submits description textarea value correctly","status":"passed","title":"submits description textarea value correctly","duration":178.5104999999994,"failureMessages":[],"meta":{}},{"ancestorTitles":["ProjectForm"],"fullName":"ProjectForm accepts numeric gridColSpan and gridRowSpan inputs","status":"passed","title":"accepts numeric gridColSpan and gridRowSpan inputs","duration":170.942,"failureMessages":[],"meta":{}}],"startTime":1772912811440,"endTime":1772912813403.942,"status":"failed","message":"","name":"I:/AvailArch/src/components/admin/ProjectForm.test.tsx"}]}
