{"numTotalTestSuites":4,"numPassedTestSuites":0,"numFailedTestSuites":4,"numPendingTestSuites":0,"numTotalTests":18,"numPassedTests":12,"numFailedTests":6,"numPendingTests":0,"numTodoTests":0,"snapshot":{"added":0,"failure":false,"filesAdded":0,"filesRemoved":0,"filesRemovedList":[],"filesUnmatched":0,"filesUpdated":0,"matched":0,"total":0,"unchecked":0,"uncheckedKeysByFile":[],"unmatched":0,"updated":0,"didUpdate":false},"startTime":1772912667374,"success":false,"testResults":[{"assertionResults":[{"ancestorTitles":["useUser"],"fullName":"useUser starts in a loading state","status":"passed","title":"starts in a loading state","duration":19.696100000000115,"failureMessages":[],"meta":{}},{"ancestorTitles":["useUser"],"fullName":"useUser returns null user when no session exists","status":"passed","title":"returns null user when no session exists","duration":77.92360000000008,"failureMessages":[],"meta":{}},{"ancestorTitles":["useUser"],"fullName":"useUser returns user with role when session and profile exist","status":"passed","title":"returns user with role when session and profile exist","duration":78.86960000000045,"failureMessages":[],"meta":{}},{"ancestorTitles":["useUser"],"fullName":"useUser sets role to null when profile fetch returns no role","status":"failed","title":"sets role to null when profile fetch returns no role","duration":82.56780000000026,"failureMessages":["AssertionError: expected undefined to be null\n    at I:/AvailArch/src/hooks/useUser.test.ts:68:43\n    at file:///I:/AvailArch/node_modules/@vitest/runner/dist/index.js:915:20"],"meta":{}},{"ancestorTitles":["useUser"],"fullName":"useUser cleans up subscription on unmount","status":"passed","title":"cleans up subscription on unmount","duration":11.562399999999798,"failureMessages":[],"meta":{}}],"startTime":1772912669668,"endTime":1772912669938.5625,"status":"failed","message":"","name":"I:/AvailArch/src/hooks/useUser.test.ts"},{"assertionResults":[{"ancestorTitles":["ProjectForm"],"fullName":"ProjectForm renders core fields and tabs","status":"failed","title":"renders core fields and tabs","duration":346.23059999999987,"failureMessages":["TestingLibraryElementError: Found multiple elements with the role \"button\" and name `/hero/i`\n\nHere are the matching elements:\n\nIgnored nodes: comments, script, style\n\u001b[36m<button\u001b[39m\n  \u001b[33mclass\u001b[39m=\u001b[32m\"text-xs uppercase tracking-[0.2em] text-left transition-all py-2 px-2 border-l-2 border-transparent text-[rgba(var(--fg),0.5)] hover:text-[#1c1c1c] hover:pl-4\"\u001b[39m\n  \u001b[33mtype\u001b[39m=\u001b[32m\"button\"\u001b[39m\n\u001b[36m>\u001b[39m\n  \u001b[0mhero\u001b[0m\n\u001b[36m</button>\u001b[39m\n\nIgnored nodes: comments, script, style\n\u001b[36m<button\u001b[39m\n  \u001b[33mclass\u001b[39m=\u001b[32m\"flex items-center gap-2 text-[10px] bg-[rgba(var(--bg),1)] text-[rgba(var(--fg),1)] hover:bg-[#8a9a5b] hover:text-[#1c1c1c] px-4 py-3 uppercase tracking-widest transition-colors\"\u001b[39m\n  \u001b[33mtype\u001b[39m=\u001b[32m\"button\"\u001b[39m\n\u001b[36m>\u001b[39m\n  \u001b[36m<svg\u001b[39m\n    \u001b[33maria-hidden\u001b[39m=\u001b[32m\"true\"\u001b[39m\n    \u001b[33mclass\u001b[39m=\u001b[32m\"lucide lucide-plus\"\u001b[39m\n    \u001b[33mfill\u001b[39m=\u001b[32m\"none\"\u001b[39m\n    \u001b[33mheight\u001b[39m=\u001b[32m\"14\"\u001b[39m\n    \u001b[33mstroke\u001b[39m=\u001b[32m\"currentColor\"\u001b[39m\n    \u001b[33mstroke-linecap\u001b[39m=\u001b[32m\"round\"\u001b[39m\n    \u001b[33mstroke-linejoin\u001b[39m=\u001b[32m\"round\"\u001b[39m\n    \u001b[33mstroke-width\u001b[39m=\u001b[32m\"2\"\u001b[39m\n    \u001b[33mviewBox\u001b[39m=\u001b[32m\"0 0 24 24\"\u001b[39m\n    \u001b[33mwidth\u001b[39m=\u001b[32m\"14\"\u001b[39m\n    \u001b[33mxmlns\u001b[39m=\u001b[32m\"http://www.w3.org/2000/svg\"\u001b[39m\n  \u001b[36m>\u001b[39m\n    \u001b[36m<path\u001b[39m\n      \u001b[33md\u001b[39m=\u001b[32m\"M5 12h14\"\u001b[39m\n    \u001b[36m/>\u001b[39m\n    \u001b[36m<path\u001b[39m\n      \u001b[33md\u001b[39m=\u001b[32m\"M12 5v14\"\u001b[39m\n    \u001b[36m/>\u001b[39m\n  \u001b[36m</svg>\u001b[39m\n  \u001b[0m Add Hero Section\u001b[0m\n\u001b[36m</button>\u001b[39m\n\n(If this is intentional, then use the `*AllBy*` variant of the query (like `queryAllByText`, `getAllByText`, or `findAllByText`)).\n\nIgnored nodes: comments, script, style\n\u001b[36m<body>\u001b[39m\n  \u001b[36m<div>\u001b[39m\n    \u001b[36m<form\u001b[39m\n      \u001b[33mclass\u001b[39m=\u001b[32m\"grid grid-cols-1 lg:grid-cols-12 gap-12 pb-24\"\u001b[39m\n    \u001b[36m>\u001b[39m\n      \u001b[36m<div\u001b[39m\n        \u001b[33mclass\u001b[39m=\u001b[32m\"lg:col-span-3 flex lg:flex-col overflow-x-auto lg:overflow-visible gap-8 lg:gap-4 border-b lg:border-b-0 lg:border-r border-[rgba(var(--fg),0.1)] pb-4 lg:pb-0 lg:pr-8 h-fit\"\u001b[39m\n      \u001b[36m>\u001b[39m\n        \u001b[36m<button\u001b[39m\n          \u001b[33mclass\u001b[39m=\u001b[32m\"text-xs uppercase tracking-[0.2em] text-left transition-all py-2 px-2 border-l-2 border-[#8a9a5b] text-[#1c1c1c] font-bold pl-4 bg-[rgba(var(--fg),0.05)]\"\u001b[39m\n          \u001b[33mtype\u001b[39m=\u001b[32m\"button\"\u001b[39m\n        \u001b[36m>\u001b[39m\n          \u001b[0mgeneral\u001b[0m\n        \u001b[36m</button>\u001b[39m\n        \u001b[36m<button\u001b[39m\n          \u001b[33mclass\u001b[39m=\u001b[32m\"text-xs uppercase tracking-[0.2em] text-left transition-all py-2 px-2 border-l-2 border-transparent text-[rgba(var(--fg),0.5)] hover:text-[#1c1c1c] hover:pl-4\"\u001b[39m\n          \u001b[33mtype\u001b[39m=\u001b[32m\"button\"\u001b[39m\n        \u001b[36m>\u001b[39m\n          \u001b[0mhero\u001b[0m\n        \u001b[36m</button>\u001b[39m\n        \u001b[36m<button\u001b[39m\n          \u001b[33mclass\u001b[39m=\u001b[32m\"text-xs uppercase tracking-[0.2em] text-left transition-all py-2 px-2 border-l-2 border-transparent text-[rgba(var(--fg),0.5)] hover:text-[#1c1c1c] hover:pl-4\"\u001b[39m\n          \u001b[33mtype\u001b[39m=\u001b[32m\"button\"\u001b[39m\n        \u001b[36m>\u001b[39m\n          \u001b[0mspaces\u001b[0m\n        \u001b[36m</button>\u001b[39m\n        \u001b[36m<button\u001b[39m\n          \u001b[33mclass\u001b[39m=\u001b[32m\"text-xs uppercase tracking-[0.2em] text-left transition-all py-2 px-2 border-l-2 border-transparent text-[rgba(var(--fg),0.5)] hover:text-[#1c1c1c] hover:pl-4\"\u001b[39m\n          \u001b[33mtype\u001b[39m=\u001b[32m\"button\"\u001b[39m\n        \u001b[36m>\u001b[39m\n          \u001b[0mgallery\u001b[0m\n        \u001b[36m</button>\u001b[39m\n      \u001b[36m</div>\u001b[39m\n      \u001b[36m<div\u001b[39m\n        \u001b[33mclass\u001b[39m=\u001b[32m\"lg:col-span-9 min-h-[500px]\"\u001b[39m\n      \u001b[36m>\u001b[39m\n        \u001b[36m<div\u001b[39m\n          \u001b[33mclass\u001b[39m=\u001b[32m\"block animate-in fade-in\"\u001b[39m\n        \u001b[36m>\u001b[39m\n          \u001b[36m<div\u001b[39m\n            \u001b[33mclass\u001b[39m=\u001b[32m\"grid grid-cols-1 md:grid-cols-2 gap-x-12 gap-y-8\"\u001b[39m\n          \u001b[36m>\u001b[39m\n            \u001b[36m<div\u001b[39m\n              \u001b[33mclass\u001b[39m=\u001b[32m\"space-y-2 group\"\u001b[39m\n            \u001b[36m>\u001b[39m\n              \u001b[36m<label\u001b[39m\n                \u001b[33mclass\u001b[39m=\u001b[32m\"text-[9px] font-bold uppercase tracking-[0.15em] text-[rgba(var(--fg),0.5)] group-focus-within:text-[#1c1c1c] transition-colors\"\u001b[39m\n                \u001b[33mfor\u001b[39m=\u001b[32m\"title\"\u001b[39m\n              \u001b[36m>\u001b[39m\n                \u001b[0mProject Title\u001b[0m\n              \u001b[36m</label>\u001b[39m\n              \u001b[36m<input\u001b[39m\n                \u001b[33mclass\u001b[39m=\u001b[32m\"w-full pb-2 bg-transparent border-b border-[rgba(var(--fg),0.2)] focus:border-[#8a9a5b] transition-colors outline-none text-sm font-medium placeholder:text-[rgba(var(--fg),0.4)] font-mono\"\u001b[39m\n                \u001b[33mid\u001b[39m=\u001b[32m\"title\"\u001b[39m\n                \u001b[33mname\u001b[39m=\u001b[32m\"title\"\u001b[39m\n                \u001b[33mplaceholder\u001b[39m=\u001b[32m\"Project Name\"\u001b[39m\n              \u001b[36m/>\u001b[39m\n            \u001b[36m</div>\u001b[39m\n            \u001b[36m<div\u001b[39m\n              \u001b[33mclass\u001b[39m=\u001b[32m\"space-y-2 group\"\u001b[39m\n            \u001b[36m>\u001b[39m\n              \u001b[36m<label\u001b[39m\n                \u001b[33mclass\u001b[39m=\u001b[32m\"text-[9px] font-bold uppercase tracking-[0.15em] text-[rgba(var(--fg),0.5)] group-focus-within:text-[#1c1c1c] transition-colors\"\u001b[39m\n                \u001b[33mfor\u001b[39m=\u001b[32m\"year\"\u001b[39m\n              \u001b[36m>\u001b[39m\n                \u001b[0mYear\u001b[0m\n              \u001b[36m</label>\u001b[39m\n              \u001b[36m<input\u001b[39m\n                \u001b[33mclass\u001b[39m=\u001b[32m\"w-full pb-2 bg-transparent border-b border-[rgba(var(--fg),0.2)] focus:border-[#8a9a5b] transition-colors outline-none text-sm font-medium placeholder:text-[rgba(var(--fg),0.4)] font-mono\"\u001b[39m\n                \u001b[33mid\u001b[39m=\u001b[32m\"year\"\u001b[39m\n                \u001b[33mname\u001b[39m=\u001b[32m\"year\"\u001b[39m\n                \u001b[33mplaceholder\u001b[39m=\u001b[32m\"2024\"\u001b[39m\n              \u001b[36m/>\u001b[39m\n            \u001b[36m</div>\u001b[39m\n            \u001b[36m<div\u001b[39m\n              \u001b[33mclass\u001b[39m=\u001b[32m\"space-y-2 group\"\u001b[39m\n            \u001b[36m>\u001b[39m\n              \u001b[36m<label\u001b[39m\n                \u001b[33mclass\u001b[39m=\u001b[32m\"text-[9px] font-bold uppercase tracking-[0.15em] text-[rgba(var(--fg),0.5)] group-focus-within:text-[#1c1c1c] transition-colors\"\u001b[39m\n                \u001b[33mfor\u001b[39m=\u001b[32m\"category\"\u001b[39m\n              \u001b[36m>\u001b[39m\n                \u001b[0mCategory\u001b[0m\n              \u001b[36m</label>\u001b[39m\n              \u001b[36m<input\u001b[39m\n                \u001b[33mclass\u001b[39m=\u001b[32m\"w-full pb-2 bg-transparent border-b border-[rgba(var(--fg),0.2)] focus:border-[#8a9a5b] transition-colors outline-none text-sm font-medium placeholder:text-[rgba(var(--fg),0.4)] font-mono\"\u001b[39m\n                \u001b[33mid\u001b[39m=\u001b[32m\"category\"\u001b[39m\n                \u001b[33mname\u001b[39m=\u001b[32m\"category\"\u001b[39m\n                \u001b[33mplaceholder\u001b[39m=\u001b[32m\"Residential\"\u001b[39m\n              \u001b[36m/>\u001b[39m\n            \u001b[36m</div>\u001b[39m\n            \u001b[36m<div\u001b[39m\n              \u001b[33mclass\u001b[39m=\u001b[32m\"md:col-span-2\"\u001b[39m\n            \u001b[36m>\u001b[39m\n              \u001b[36m<button\u001b[39m\n                \u001b[33mtype\u001b[39m=\u001b[32m\"button\"\u001b[39m\n              \u001b[36m>\u001b[39m\n                \u001b[0mMain Project Image\u001b[0m\n              \u001b[36m</button>\u001b[39m\n            \u001b[36m</div>\u001b[39m\n            \u001b[36m<div\u001b[39m\n              \u001b[33mclass\u001b[39m=\u001b[32m\"md:col-span-2 grid grid-cols-1 md:grid-cols-2 gap-x-12 gap-y-8 bg-[rgba(var(--fg),0.02)] p-6 border border-[rgba(var(--fg),0.1)]\"\u001b[39m\n            \u001b[36m>\u001b[39m\n              \u001b[36m<div\u001b[39m\n                \u001b[33mclass\u001b[39m=\u001b[32m\"space-y-2 group\"\u001b[39m\n              \u001b[36m>\u001b[39m\n                \u001b[36m<label\u001b[39m\n                  \u001b[33mclass\u001b[39m=\u001b[32m\"text-[9px] font-bold uppercase tracking-[0.15em] text-[rgba(var(--fg),0.5)] group-focus-within:text-[#1c1c1c] transition-colors\"\u001b[39m\n                  \u001b[33mfor\u001b[39m=\u001b[32m\"status\"\u001b[39m\n                \u001b[36m>\u001b[39m\n                  \u001b[0mProject Status\u001b[0m\n                \u001b[36m</label>\u001b[39m\n                \u001b[36m<select\u001b[39m\n                  \u001b[33mclass\u001b[39m=\u001b[32m\"w-full pb-2 bg-transparent border-b border-[rgba(var(--fg),0.2)] focus:border-[#8a9a5b] transition-colors outline-none text-sm font-medium uppercase cursor-pointer\"\u001b[39m\n                  \u001b[33mid\u001b[39m=\u001b[32m\"status\"\u001b[39m\n                  \u001b[33mname\u001b[39m=\u001b[32m\"status\"\u001b[39m\n                \u001b[36m>\u001b[39m\n                  \u001b[36m<option\u001b[39m\n                    \u001b[33mvalue\u001b[39m=\u001b[32m\"active\"\u001b[39m\n                  \u001b[36m>\u001b[39m\n                    \u001b[0mActive (Visible)\u001b[0m\n                  \u001b[36m</option>\u001b[39m\n                  \u001b[36m<option\u001b[39m\n                    \u001b[33mvalue\u001b[39m=\u001b[32m\"draft\"\u001b[39m\n                  \u001b[36m>\u001b[39m\n                    \u001b[0mDraft (Hidden)\u001b[0m\n                  \u001b[36m</option>\u001b[39m\n                  \u001b[36m<option\u001b[39m\n                    \u001b[33mvalue\u001b[39m=\u001b[32m\"archived\"\u001b[39m\n                  \u001b[36m>\u001b[39m\n                    \u001b[0mArchived\u001b[0m\n                  \u001b[36m</option>\u001b[39m\n                \u001b[36m</select>\u001b[39m\n              \u001b[36m</div>\u001b[39m\n            \u001b[36m</div>\u001b[3...\n    at Object.getElementError (I:\\AvailArch\\node_modules\\@testing-library\\dom\\dist\\config.js:37:19)\n    at getElementError (I:\\AvailArch\\node_modules\\@testing-library\\dom\\dist\\query-helpers.js:20:35)\n    at getMultipleElementsFoundError (I:\\AvailArch\\node_modules\\@testing-library\\dom\\dist\\query-helpers.js:23:10)\n    at I:\\AvailArch\\node_modules\\@testing-library\\dom\\dist\\query-helpers.js:55:13\n    at I:\\AvailArch\\node_modules\\@testing-library\\dom\\dist\\query-helpers.js:95:19\n    at I:/AvailArch/src/components/admin/ProjectForm.test.tsx:27:23\n    at file:///I:/AvailArch/node_modules/@vitest/runner/dist/index.js:145:11\n    at file:///I:/AvailArch/node_modules/@vitest/runner/dist/index.js:915:26\n    at file:///I:/AvailArch/node_modules/@vitest/runner/dist/index.js:1243:20\n    at new Promise (<anonymous>)"],"meta":{}},{"ancestorTitles":["ProjectForm"],"fullName":"ProjectForm shows scheduledFor field when status is set to draft","status":"passed","title":"shows scheduledFor field when status is set to draft","duration":30.122699999999895,"failureMessages":[],"meta":{}},{"ancestorTitles":["ProjectForm"],"fullName":"ProjectForm submits form data with uploaded main image","status":"passed","title":"submits form data with uploaded main image","duration":208.98150000000032,"failureMessages":[],"meta":{}},{"ancestorTitles":["ProjectForm"],"fullName":"ProjectForm does NOT show scheduledFor field for active or archived status","status":"passed","title":"does NOT show scheduledFor field for active or archived status","duration":28.950999999999567,"failureMessages":[],"meta":{}},{"ancestorTitles":["ProjectForm"],"fullName":"ProjectForm switches to hero tab and shows Add Hero Section button","status":"failed","title":"switches to hero tab and shows Add Hero Section button","duration":106.76819999999998,"failureMessages":["TestingLibraryElementError: Found multiple elements with the role \"button\" and name `/hero/i`\n\nHere are the matching elements:\n\nIgnored nodes: comments, script, style\n\u001b[36m<button\u001b[39m\n  \u001b[33mclass\u001b[39m=\u001b[32m\"text-xs uppercase tracking-[0.2em] text-left transition-all py-2 px-2 border-l-2 border-transparent text-[rgba(var(--fg),0.5)] hover:text-[#1c1c1c] hover:pl-4\"\u001b[39m\n  \u001b[33mtype\u001b[39m=\u001b[32m\"button\"\u001b[39m\n\u001b[36m>\u001b[39m\n  \u001b[0mhero\u001b[0m\n\u001b[36m</button>\u001b[39m\n\nIgnored nodes: comments, script, style\n\u001b[36m<button\u001b[39m\n  \u001b[33mclass\u001b[39m=\u001b[32m\"flex items-center gap-2 text-[10px] bg-[rgba(var(--bg),1)] text-[rgba(var(--fg),1)] hover:bg-[#8a9a5b] hover:text-[#1c1c1c] px-4 py-3 uppercase tracking-widest transition-colors\"\u001b[39m\n  \u001b[33mtype\u001b[39m=\u001b[32m\"button\"\u001b[39m\n\u001b[36m>\u001b[39m\n  \u001b[36m<svg\u001b[39m\n    \u001b[33maria-hidden\u001b[39m=\u001b[32m\"true\"\u001b[39m\n    \u001b[33mclass\u001b[39m=\u001b[32m\"lucide lucide-plus\"\u001b[39m\n    \u001b[33mfill\u001b[39m=\u001b[32m\"none\"\u001b[39m\n    \u001b[33mheight\u001b[39m=\u001b[32m\"14\"\u001b[39m\n    \u001b[33mstroke\u001b[39m=\u001b[32m\"currentColor\"\u001b[39m\n    \u001b[33mstroke-linecap\u001b[39m=\u001b[32m\"round\"\u001b[39m\n    \u001b[33mstroke-linejoin\u001b[39m=\u001b[32m\"round\"\u001b[39m\n    \u001b[33mstroke-width\u001b[39m=\u001b[32m\"2\"\u001b[39m\n    \u001b[33mviewBox\u001b[39m=\u001b[32m\"0 0 24 24\"\u001b[39m\n    \u001b[33mwidth\u001b[39m=\u001b[32m\"14\"\u001b[39m\n    \u001b[33mxmlns\u001b[39m=\u001b[32m\"http://www.w3.org/2000/svg\"\u001b[39m\n  \u001b[36m>\u001b[39m\n    \u001b[36m<path\u001b[39m\n      \u001b[33md\u001b[39m=\u001b[32m\"M5 12h14\"\u001b[39m\n    \u001b[36m/>\u001b[39m\n    \u001b[36m<path\u001b[39m\n      \u001b[33md\u001b[39m=\u001b[32m\"M12 5v14\"\u001b[39m\n    \u001b[36m/>\u001b[39m\n  \u001b[36m</svg>\u001b[39m\n  \u001b[0m Add Hero Section\u001b[0m\n\u001b[36m</button>\u001b[39m\n\n(If this is intentional, then use the `*AllBy*` variant of the query (like `queryAllByText`, `getAllByText`, or `findAllByText`)).\n\nIgnored nodes: comments, script, style\n\u001b[36m<body>\u001b[39m\n  \u001b[36m<div>\u001b[39m\n    \u001b[36m<form\u001b[39m\n      \u001b[33mclass\u001b[39m=\u001b[32m\"grid grid-cols-1 lg:grid-cols-12 gap-12 pb-24\"\u001b[39m\n    \u001b[36m>\u001b[39m\n      \u001b[36m<div\u001b[39m\n        \u001b[33mclass\u001b[39m=\u001b[32m\"lg:col-span-3 flex lg:flex-col overflow-x-auto lg:overflow-visible gap-8 lg:gap-4 border-b lg:border-b-0 lg:border-r border-[rgba(var(--fg),0.1)] pb-4 lg:pb-0 lg:pr-8 h-fit\"\u001b[39m\n      \u001b[36m>\u001b[39m\n        \u001b[36m<button\u001b[39m\n          \u001b[33mclass\u001b[39m=\u001b[32m\"text-xs uppercase tracking-[0.2em] text-left transition-all py-2 px-2 border-l-2 border-[#8a9a5b] text-[#1c1c1c] font-bold pl-4 bg-[rgba(var(--fg),0.05)]\"\u001b[39m\n          \u001b[33mtype\u001b[39m=\u001b[32m\"button\"\u001b[39m\n        \u001b[36m>\u001b[39m\n          \u001b[0mgeneral\u001b[0m\n        \u001b[36m</button>\u001b[39m\n        \u001b[36m<button\u001b[39m\n          \u001b[33mclass\u001b[39m=\u001b[32m\"text-xs uppercase tracking-[0.2em] text-left transition-all py-2 px-2 border-l-2 border-transparent text-[rgba(var(--fg),0.5)] hover:text-[#1c1c1c] hover:pl-4\"\u001b[39m\n          \u001b[33mtype\u001b[39m=\u001b[32m\"button\"\u001b[39m\n        \u001b[36m>\u001b[39m\n          \u001b[0mhero\u001b[0m\n        \u001b[36m</button>\u001b[39m\n        \u001b[36m<button\u001b[39m\n          \u001b[33mclass\u001b[39m=\u001b[32m\"text-xs uppercase tracking-[0.2em] text-left transition-all py-2 px-2 border-l-2 border-transparent text-[rgba(var(--fg),0.5)] hover:text-[#1c1c1c] hover:pl-4\"\u001b[39m\n          \u001b[33mtype\u001b[39m=\u001b[32m\"button\"\u001b[39m\n        \u001b[36m>\u001b[39m\n          \u001b[0mspaces\u001b[0m\n        \u001b[36m</button>\u001b[39m\n        \u001b[36m<button\u001b[39m\n          \u001b[33mclass\u001b[39m=\u001b[32m\"text-xs uppercase tracking-[0.2em] text-left transition-all py-2 px-2 border-l-2 border-transparent text-[rgba(var(--fg),0.5)] hover:text-[#1c1c1c] hover:pl-4\"\u001b[39m\n          \u001b[33mtype\u001b[39m=\u001b[32m\"button\"\u001b[39m\n        \u001b[36m>\u001b[39m\n          \u001b[0mgallery\u001b[0m\n        \u001b[36m</button>\u001b[39m\n      \u001b[36m</div>\u001b[39m\n      \u001b[36m<div\u001b[39m\n        \u001b[33mclass\u001b[39m=\u001b[32m\"lg:col-span-9 min-h-[500px]\"\u001b[39m\n      \u001b[36m>\u001b[39m\n        \u001b[36m<div\u001b[39m\n          \u001b[33mclass\u001b[39m=\u001b[32m\"block animate-in fade-in\"\u001b[39m\n        \u001b[36m>\u001b[39m\n          \u001b[36m<div\u001b[39m\n            \u001b[33mclass\u001b[39m=\u001b[32m\"grid grid-cols-1 md:grid-cols-2 gap-x-12 gap-y-8\"\u001b[39m\n          \u001b[36m>\u001b[39m\n            \u001b[36m<div\u001b[39m\n              \u001b[33mclass\u001b[39m=\u001b[32m\"space-y-2 group\"\u001b[39m\n            \u001b[36m>\u001b[39m\n              \u001b[36m<label\u001b[39m\n                \u001b[33mclass\u001b[39m=\u001b[32m\"text-[9px] font-bold uppercase tracking-[0.15em] text-[rgba(var(--fg),0.5)] group-focus-within:text-[#1c1c1c] transition-colors\"\u001b[39m\n                \u001b[33mfor\u001b[39m=\u001b[32m\"title\"\u001b[39m\n              \u001b[36m>\u001b[39m\n                \u001b[0mProject Title\u001b[0m\n              \u001b[36m</label>\u001b[39m\n              \u001b[36m<input\u001b[39m\n                \u001b[33mclass\u001b[39m=\u001b[32m\"w-full pb-2 bg-transparent border-b border-[rgba(var(--fg),0.2)] focus:border-[#8a9a5b] transition-colors outline-none text-sm font-medium placeholder:text-[rgba(var(--fg),0.4)] font-mono\"\u001b[39m\n                \u001b[33mid\u001b[39m=\u001b[32m\"title\"\u001b[39m\n                \u001b[33mname\u001b[39m=\u001b[32m\"title\"\u001b[39m\n                \u001b[33mplaceholder\u001b[39m=\u001b[32m\"Project Name\"\u001b[39m\n              \u001b[36m/>\u001b[39m\n            \u001b[36m</div>\u001b[39m\n            \u001b[36m<div\u001b[39m\n              \u001b[33mclass\u001b[39m=\u001b[32m\"space-y-2 group\"\u001b[39m\n            \u001b[36m>\u001b[39m\n              \u001b[36m<label\u001b[39m\n                \u001b[33mclass\u001b[39m=\u001b[32m\"text-[9px] font-bold uppercase tracking-[0.15em] text-[rgba(var(--fg),0.5)] group-focus-within:text-[#1c1c1c] transition-colors\"\u001b[39m\n                \u001b[33mfor\u001b[39m=\u001b[32m\"year\"\u001b[39m\n              \u001b[36m>\u001b[39m\n                \u001b[0mYear\u001b[0m\n              \u001b[36m</label>\u001b[39m\n              \u001b[36m<input\u001b[39m\n                \u001b[33mclass\u001b[39m=\u001b[32m\"w-full pb-2 bg-transparent border-b border-[rgba(var(--fg),0.2)] focus:border-[#8a9a5b] transition-colors outline-none text-sm font-medium placeholder:text-[rgba(var(--fg),0.4)] font-mono\"\u001b[39m\n                \u001b[33mid\u001b[39m=\u001b[32m\"year\"\u001b[39m\n                \u001b[33mname\u001b[39m=\u001b[32m\"year\"\u001b[39m\n                \u001b[33mplaceholder\u001b[39m=\u001b[32m\"2024\"\u001b[39m\n              \u001b[36m/>\u001b[39m\n            \u001b[36m</div>\u001b[39m\n            \u001b[36m<div\u001b[39m\n              \u001b[33mclass\u001b[39m=\u001b[32m\"space-y-2 group\"\u001b[39m\n            \u001b[36m>\u001b[39m\n              \u001b[36m<label\u001b[39m\n                \u001b[33mclass\u001b[39m=\u001b[32m\"text-[9px] font-bold uppercase tracking-[0.15em] text-[rgba(var(--fg),0.5)] group-focus-within:text-[#1c1c1c] transition-colors\"\u001b[39m\n                \u001b[33mfor\u001b[39m=\u001b[32m\"category\"\u001b[39m\n              \u001b[36m>\u001b[39m\n                \u001b[0mCategory\u001b[0m\n              \u001b[36m</label>\u001b[39m\n              \u001b[36m<input\u001b[39m\n                \u001b[33mclass\u001b[39m=\u001b[32m\"w-full pb-2 bg-transparent border-b border-[rgba(var(--fg),0.2)] focus:border-[#8a9a5b] transition-colors outline-none text-sm font-medium placeholder:text-[rgba(var(--fg),0.4)] font-mono\"\u001b[39m\n                \u001b[33mid\u001b[39m=\u001b[32m\"category\"\u001b[39m\n                \u001b[33mname\u001b[39m=\u001b[32m\"category\"\u001b[39m\n                \u001b[33mplaceholder\u001b[39m=\u001b[32m\"Residential\"\u001b[39m\n              \u001b[36m/>\u001b[39m\n            \u001b[36m</div>\u001b[39m\n            \u001b[36m<div\u001b[39m\n              \u001b[33mclass\u001b[39m=\u001b[32m\"md:col-span-2\"\u001b[39m\n            \u001b[36m>\u001b[39m\n              \u001b[36m<button\u001b[39m\n                \u001b[33mtype\u001b[39m=\u001b[32m\"button\"\u001b[39m\n              \u001b[36m>\u001b[39m\n                \u001b[0mMain Project Image\u001b[0m\n              \u001b[36m</button>\u001b[39m\n            \u001b[36m</div>\u001b[39m\n            \u001b[36m<div\u001b[39m\n              \u001b[33mclass\u001b[39m=\u001b[32m\"md:col-span-2 grid grid-cols-1 md:grid-cols-2 gap-x-12 gap-y-8 bg-[rgba(var(--fg),0.02)] p-6 border border-[rgba(var(--fg),0.1)]\"\u001b[39m\n            \u001b[36m>\u001b[39m\n              \u001b[36m<div\u001b[39m\n                \u001b[33mclass\u001b[39m=\u001b[32m\"space-y-2 group\"\u001b[39m\n              \u001b[36m>\u001b[39m\n                \u001b[36m<label\u001b[39m\n                  \u001b[33mclass\u001b[39m=\u001b[32m\"text-[9px] font-bold uppercase tracking-[0.15em] text-[rgba(var(--fg),0.5)] group-focus-within:text-[#1c1c1c] transition-colors\"\u001b[39m\n                  \u001b[33mfor\u001b[39m=\u001b[32m\"status\"\u001b[39m\n                \u001b[36m>\u001b[39m\n                  \u001b[0mProject Status\u001b[0m\n                \u001b[36m</label>\u001b[39m\n                \u001b[36m<select\u001b[39m\n                  \u001b[33mclass\u001b[39m=\u001b[32m\"w-full pb-2 bg-transparent border-b border-[rgba(var(--fg),0.2)] focus:border-[#8a9a5b] transition-colors outline-none text-sm font-medium uppercase cursor-pointer\"\u001b[39m\n                  \u001b[33mid\u001b[39m=\u001b[32m\"status\"\u001b[39m\n                  \u001b[33mname\u001b[39m=\u001b[32m\"status\"\u001b[39m\n                \u001b[36m>\u001b[39m\n                  \u001b[36m<option\u001b[39m\n                    \u001b[33mvalue\u001b[39m=\u001b[32m\"active\"\u001b[39m\n                  \u001b[36m>\u001b[39m\n                    \u001b[0mActive (Visible)\u001b[0m\n                  \u001b[36m</option>\u001b[39m\n                  \u001b[36m<option\u001b[39m\n                    \u001b[33mvalue\u001b[39m=\u001b[32m\"draft\"\u001b[39m\n                  \u001b[36m>\u001b[39m\n                    \u001b[0mDraft (Hidden)\u001b[0m\n                  \u001b[36m</option>\u001b[39m\n                  \u001b[36m<option\u001b[39m\n                    \u001b[33mvalue\u001b[39m=\u001b[32m\"archived\"\u001b[39m\n                  \u001b[36m>\u001b[39m\n                    \u001b[0mArchived\u001b[0m\n                  \u001b[36m</option>\u001b[39m\n                \u001b[36m</select>\u001b[39m\n              \u001b[36m</div>\u001b[39m\n            \u001b[36m</div>\u001b[3...\n    at Object.getElementError (I:\\AvailArch\\node_modules\\@testing-library\\dom\\dist\\config.js:37:19)\n    at getElementError (I:\\AvailArch\\node_modules\\@testing-library\\dom\\dist\\query-helpers.js:20:35)\n    at getMultipleElementsFoundError (I:\\AvailArch\\node_modules\\@testing-library\\dom\\dist\\query-helpers.js:23:10)\n    at I:\\AvailArch\\node_modules\\@testing-library\\dom\\dist\\query-helpers.js:55:13\n    at I:\\AvailArch\\node_modules\\@testing-library\\dom\\dist\\query-helpers.js:95:19\n    at I:/AvailArch/src/components/admin/ProjectForm.test.tsx:63:32\n    at file:///I:/AvailArch/node_modules/@vitest/runner/dist/index.js:145:11\n    at file:///I:/AvailArch/node_modules/@vitest/runner/dist/index.js:915:26\n    at file:///I:/AvailArch/node_modules/@vitest/runner/dist/index.js:1243:20\n    at new Promise (<anonymous>)"],"meta":{}},{"ancestorTitles":["ProjectForm"],"fullName":"ProjectForm adds a new hero section when Add Hero Section is clicked","status":"failed","title":"adds a new hero section when Add Hero Section is clicked","duration":105.57720000000018,"failureMessages":["TestingLibraryElementError: Found multiple elements with the role \"button\" and name `/hero/i`\n\nHere are the matching elements:\n\nIgnored nodes: comments, script, style\n\u001b[36m<button\u001b[39m\n  \u001b[33mclass\u001b[39m=\u001b[32m\"text-xs uppercase tracking-[0.2em] text-left transition-all py-2 px-2 border-l-2 border-transparent text-[rgba(var(--fg),0.5)] hover:text-[#1c1c1c] hover:pl-4\"\u001b[39m\n  \u001b[33mtype\u001b[39m=\u001b[32m\"button\"\u001b[39m\n\u001b[36m>\u001b[39m\n  \u001b[0mhero\u001b[0m\n\u001b[36m</button>\u001b[39m\n\nIgnored nodes: comments, script, style\n\u001b[36m<button\u001b[39m\n  \u001b[33mclass\u001b[39m=\u001b[32m\"flex items-center gap-2 text-[10px] bg-[rgba(var(--bg),1)] text-[rgba(var(--fg),1)] hover:bg-[#8a9a5b] hover:text-[#1c1c1c] px-4 py-3 uppercase tracking-widest transition-colors\"\u001b[39m\n  \u001b[33mtype\u001b[39m=\u001b[32m\"button\"\u001b[39m\n\u001b[36m>\u001b[39m\n  \u001b[36m<svg\u001b[39m\n    \u001b[33maria-hidden\u001b[39m=\u001b[32m\"true\"\u001b[39m\n    \u001b[33mclass\u001b[39m=\u001b[32m\"lucide lucide-plus\"\u001b[39m\n    \u001b[33mfill\u001b[39m=\u001b[32m\"none\"\u001b[39m\n    \u001b[33mheight\u001b[39m=\u001b[32m\"14\"\u001b[39m\n    \u001b[33mstroke\u001b[39m=\u001b[32m\"currentColor\"\u001b[39m\n    \u001b[33mstroke-linecap\u001b[39m=\u001b[32m\"round\"\u001b[39m\n    \u001b[33mstroke-linejoin\u001b[39m=\u001b[32m\"round\"\u001b[39m\n    \u001b[33mstroke-width\u001b[39m=\u001b[32m\"2\"\u001b[39m\n    \u001b[33mviewBox\u001b[39m=\u001b[32m\"0 0 24 24\"\u001b[39m\n    \u001b[33mwidth\u001b[39m=\u001b[32m\"14\"\u001b[39m\n    \u001b[33mxmlns\u001b[39m=\u001b[32m\"http://www.w3.org/2000/svg\"\u001b[39m\n  \u001b[36m>\u001b[39m\n    \u001b[36m<path\u001b[39m\n      \u001b[33md\u001b[39m=\u001b[32m\"M5 12h14\"\u001b[39m\n    \u001b[36m/>\u001b[39m\n    \u001b[36m<path\u001b[39m\n      \u001b[33md\u001b[39m=\u001b[32m\"M12 5v14\"\u001b[39m\n    \u001b[36m/>\u001b[39m\n  \u001b[36m</svg>\u001b[39m\n  \u001b[0m Add Hero Section\u001b[0m\n\u001b[36m</button>\u001b[39m\n\n(If this is intentional, then use the `*AllBy*` variant of the query (like `queryAllByText`, `getAllByText`, or `findAllByText`)).\n\nIgnored nodes: comments, script, style\n\u001b[36m<body>\u001b[39m\n  \u001b[36m<div>\u001b[39m\n    \u001b[36m<form\u001b[39m\n      \u001b[33mclass\u001b[39m=\u001b[32m\"grid grid-cols-1 lg:grid-cols-12 gap-12 pb-24\"\u001b[39m\n    \u001b[36m>\u001b[39m\n      \u001b[36m<div\u001b[39m\n        \u001b[33mclass\u001b[39m=\u001b[32m\"lg:col-span-3 flex lg:flex-col overflow-x-auto lg:overflow-visible gap-8 lg:gap-4 border-b lg:border-b-0 lg:border-r border-[rgba(var(--fg),0.1)] pb-4 lg:pb-0 lg:pr-8 h-fit\"\u001b[39m\n      \u001b[36m>\u001b[39m\n        \u001b[36m<button\u001b[39m\n          \u001b[33mclass\u001b[39m=\u001b[32m\"text-xs uppercase tracking-[0.2em] text-left transition-all py-2 px-2 border-l-2 border-[#8a9a5b] text-[#1c1c1c] font-bold pl-4 bg-[rgba(var(--fg),0.05)]\"\u001b[39m\n          \u001b[33mtype\u001b[39m=\u001b[32m\"button\"\u001b[39m\n        \u001b[36m>\u001b[39m\n          \u001b[0mgeneral\u001b[0m\n        \u001b[36m</button>\u001b[39m\n        \u001b[36m<button\u001b[39m\n          \u001b[33mclass\u001b[39m=\u001b[32m\"text-xs uppercase tracking-[0.2em] text-left transition-all py-2 px-2 border-l-2 border-transparent text-[rgba(var(--fg),0.5)] hover:text-[#1c1c1c] hover:pl-4\"\u001b[39m\n          \u001b[33mtype\u001b[39m=\u001b[32m\"button\"\u001b[39m\n        \u001b[36m>\u001b[39m\n          \u001b[0mhero\u001b[0m\n        \u001b[36m</button>\u001b[39m\n        \u001b[36m<button\u001b[39m\n          \u001b[33mclass\u001b[39m=\u001b[32m\"text-xs uppercase tracking-[0.2em] text-left transition-all py-2 px-2 border-l-2 border-transparent text-[rgba(var(--fg),0.5)] hover:text-[#1c1c1c] hover:pl-4\"\u001b[39m\n          \u001b[33mtype\u001b[39m=\u001b[32m\"button\"\u001b[39m\n        \u001b[36m>\u001b[39m\n          \u001b[0mspaces\u001b[0m\n        \u001b[36m</button>\u001b[39m\n        \u001b[36m<button\u001b[39m\n          \u001b[33mclass\u001b[39m=\u001b[32m\"text-xs uppercase tracking-[0.2em] text-left transition-all py-2 px-2 border-l-2 border-transparent text-[rgba(var(--fg),0.5)] hover:text-[#1c1c1c] hover:pl-4\"\u001b[39m\n          \u001b[33mtype\u001b[39m=\u001b[32m\"button\"\u001b[39m\n        \u001b[36m>\u001b[39m\n          \u001b[0mgallery\u001b[0m\n        \u001b[36m</button>\u001b[39m\n      \u001b[36m</div>\u001b[39m\n      \u001b[36m<div\u001b[39m\n        \u001b[33mclass\u001b[39m=\u001b[32m\"lg:col-span-9 min-h-[500px]\"\u001b[39m\n      \u001b[36m>\u001b[39m\n        \u001b[36m<div\u001b[39m\n          \u001b[33mclass\u001b[39m=\u001b[32m\"block animate-in fade-in\"\u001b[39m\n        \u001b[36m>\u001b[39m\n          \u001b[36m<div\u001b[39m\n            \u001b[33mclass\u001b[39m=\u001b[32m\"grid grid-cols-1 md:grid-cols-2 gap-x-12 gap-y-8\"\u001b[39m\n          \u001b[36m>\u001b[39m\n            \u001b[36m<div\u001b[39m\n              \u001b[33mclass\u001b[39m=\u001b[32m\"space-y-2 group\"\u001b[39m\n            \u001b[36m>\u001b[39m\n              \u001b[36m<label\u001b[39m\n                \u001b[33mclass\u001b[39m=\u001b[32m\"text-[9px] font-bold uppercase tracking-[0.15em] text-[rgba(var(--fg),0.5)] group-focus-within:text-[#1c1c1c] transition-colors\"\u001b[39m\n                \u001b[33mfor\u001b[39m=\u001b[32m\"title\"\u001b[39m\n              \u001b[36m>\u001b[39m\n                \u001b[0mProject Title\u001b[0m\n              \u001b[36m</label>\u001b[39m\n              \u001b[36m<input\u001b[39m\n                \u001b[33mclass\u001b[39m=\u001b[32m\"w-full pb-2 bg-transparent border-b border-[rgba(var(--fg),0.2)] focus:border-[#8a9a5b] transition-colors outline-none text-sm font-medium placeholder:text-[rgba(var(--fg),0.4)] font-mono\"\u001b[39m\n                \u001b[33mid\u001b[39m=\u001b[32m\"title\"\u001b[39m\n                \u001b[33mname\u001b[39m=\u001b[32m\"title\"\u001b[39m\n                \u001b[33mplaceholder\u001b[39m=\u001b[32m\"Project Name\"\u001b[39m\n              \u001b[36m/>\u001b[39m\n            \u001b[36m</div>\u001b[39m\n            \u001b[36m<div\u001b[39m\n              \u001b[33mclass\u001b[39m=\u001b[32m\"space-y-2 group\"\u001b[39m\n            \u001b[36m>\u001b[39m\n              \u001b[36m<label\u001b[39m\n                \u001b[33mclass\u001b[39m=\u001b[32m\"text-[9px] font-bold uppercase tracking-[0.15em] text-[rgba(var(--fg),0.5)] group-focus-within:text-[#1c1c1c] transition-colors\"\u001b[39m\n                \u001b[33mfor\u001b[39m=\u001b[32m\"year\"\u001b[39m\n              \u001b[36m>\u001b[39m\n                \u001b[0mYear\u001b[0m\n              \u001b[36m</label>\u001b[39m\n              \u001b[36m<input\u001b[39m\n                \u001b[33mclass\u001b[39m=\u001b[32m\"w-full pb-2 bg-transparent border-b border-[rgba(var(--fg),0.2)] focus:border-[#8a9a5b] transition-colors outline-none text-sm font-medium placeholder:text-[rgba(var(--fg),0.4)] font-mono\"\u001b[39m\n                \u001b[33mid\u001b[39m=\u001b[32m\"year\"\u001b[39m\n                \u001b[33mname\u001b[39m=\u001b[32m\"year\"\u001b[39m\n                \u001b[33mplaceholder\u001b[39m=\u001b[32m\"2024\"\u001b[39m\n              \u001b[36m/>\u001b[39m\n            \u001b[36m</div>\u001b[39m\n            \u001b[36m<div\u001b[39m\n              \u001b[33mclass\u001b[39m=\u001b[32m\"space-y-2 group\"\u001b[39m\n            \u001b[36m>\u001b[39m\n              \u001b[36m<label\u001b[39m\n                \u001b[33mclass\u001b[39m=\u001b[32m\"text-[9px] font-bold uppercase tracking-[0.15em] text-[rgba(var(--fg),0.5)] group-focus-within:text-[#1c1c1c] transition-colors\"\u001b[39m\n                \u001b[33mfor\u001b[39m=\u001b[32m\"category\"\u001b[39m\n              \u001b[36m>\u001b[39m\n                \u001b[0mCategory\u001b[0m\n              \u001b[36m</label>\u001b[39m\n              \u001b[36m<input\u001b[39m\n                \u001b[33mclass\u001b[39m=\u001b[32m\"w-full pb-2 bg-transparent border-b border-[rgba(var(--fg),0.2)] focus:border-[#8a9a5b] transition-colors outline-none text-sm font-medium placeholder:text-[rgba(var(--fg),0.4)] font-mono\"\u001b[39m\n                \u001b[33mid\u001b[39m=\u001b[32m\"category\"\u001b[39m\n                \u001b[33mname\u001b[39m=\u001b[32m\"category\"\u001b[39m\n                \u001b[33mplaceholder\u001b[39m=\u001b[32m\"Residential\"\u001b[39m\n              \u001b[36m/>\u001b[39m\n            \u001b[36m</div>\u001b[39m\n            \u001b[36m<div\u001b[39m\n              \u001b[33mclass\u001b[39m=\u001b[32m\"md:col-span-2\"\u001b[39m\n            \u001b[36m>\u001b[39m\n              \u001b[36m<button\u001b[39m\n                \u001b[33mtype\u001b[39m=\u001b[32m\"button\"\u001b[39m\n              \u001b[36m>\u001b[39m\n                \u001b[0mMain Project Image\u001b[0m\n              \u001b[36m</button>\u001b[39m\n            \u001b[36m</div>\u001b[39m\n            \u001b[36m<div\u001b[39m\n              \u001b[33mclass\u001b[39m=\u001b[32m\"md:col-span-2 grid grid-cols-1 md:grid-cols-2 gap-x-12 gap-y-8 bg-[rgba(var(--fg),0.02)] p-6 border border-[rgba(var(--fg),0.1)]\"\u001b[39m\n            \u001b[36m>\u001b[39m\n              \u001b[36m<div\u001b[39m\n                \u001b[33mclass\u001b[39m=\u001b[32m\"space-y-2 group\"\u001b[39m\n              \u001b[36m>\u001b[39m\n                \u001b[36m<label\u001b[39m\n                  \u001b[33mclass\u001b[39m=\u001b[32m\"text-[9px] font-bold uppercase tracking-[0.15em] text-[rgba(var(--fg),0.5)] group-focus-within:text-[#1c1c1c] transition-colors\"\u001b[39m\n                  \u001b[33mfor\u001b[39m=\u001b[32m\"status\"\u001b[39m\n                \u001b[36m>\u001b[39m\n                  \u001b[0mProject Status\u001b[0m\n                \u001b[36m</label>\u001b[39m\n                \u001b[36m<select\u001b[39m\n                  \u001b[33mclass\u001b[39m=\u001b[32m\"w-full pb-2 bg-transparent border-b border-[rgba(var(--fg),0.2)] focus:border-[#8a9a5b] transition-colors outline-none text-sm font-medium uppercase cursor-pointer\"\u001b[39m\n                  \u001b[33mid\u001b[39m=\u001b[32m\"status\"\u001b[39m\n                  \u001b[33mname\u001b[39m=\u001b[32m\"status\"\u001b[39m\n                \u001b[36m>\u001b[39m\n                  \u001b[36m<option\u001b[39m\n                    \u001b[33mvalue\u001b[39m=\u001b[32m\"active\"\u001b[39m\n                  \u001b[36m>\u001b[39m\n                    \u001b[0mActive (Visible)\u001b[0m\n                  \u001b[36m</option>\u001b[39m\n                  \u001b[36m<option\u001b[39m\n                    \u001b[33mvalue\u001b[39m=\u001b[32m\"draft\"\u001b[39m\n                  \u001b[36m>\u001b[39m\n                    \u001b[0mDraft (Hidden)\u001b[0m\n                  \u001b[36m</option>\u001b[39m\n                  \u001b[36m<option\u001b[39m\n                    \u001b[33mvalue\u001b[39m=\u001b[32m\"archived\"\u001b[39m\n                  \u001b[36m>\u001b[39m\n                    \u001b[0mArchived\u001b[0m\n                  \u001b[36m</option>\u001b[39m\n                \u001b[36m</select>\u001b[39m\n              \u001b[36m</div>\u001b[39m\n            \u001b[36m</div>\u001b[3...\n    at Object.getElementError (I:\\AvailArch\\node_modules\\@testing-library\\dom\\dist\\config.js:37:19)\n    at getElementError (I:\\AvailArch\\node_modules\\@testing-library\\dom\\dist\\query-helpers.js:20:35)\n    at getMultipleElementsFoundError (I:\\AvailArch\\node_modules\\@testing-library\\dom\\dist\\query-helpers.js:23:10)\n    at I:\\AvailArch\\node_modules\\@testing-library\\dom\\dist\\query-helpers.js:55:13\n    at I:\\AvailArch\\node_modules\\@testing-library\\dom\\dist\\query-helpers.js:95:19\n    at I:/AvailArch/src/components/admin/ProjectForm.test.tsx:70:32\n    at file:///I:/AvailArch/node_modules/@vitest/runner/dist/index.js:145:11\n    at file:///I:/AvailArch/node_modules/@vitest/runner/dist/index.js:915:26\n    at file:///I:/AvailArch/node_modules/@vitest/runner/dist/index.js:1243:20\n    at new Promise (<anonymous>)"],"meta":{}},{"ancestorTitles":["ProjectForm"],"fullName":"ProjectForm removes a hero section when the trash icon is clicked","status":"failed","title":"removes a hero section when the trash icon is clicked","duration":105.05359999999973,"failureMessages":["TestingLibraryElementError: Found multiple elements with the role \"button\" and name `/hero/i`\n\nHere are the matching elements:\n\nIgnored nodes: comments, script, style\n\u001b[36m<button\u001b[39m\n  \u001b[33mclass\u001b[39m=\u001b[32m\"text-xs uppercase tracking-[0.2em] text-left transition-all py-2 px-2 border-l-2 border-transparent text-[rgba(var(--fg),0.5)] hover:text-[#1c1c1c] hover:pl-4\"\u001b[39m\n  \u001b[33mtype\u001b[39m=\u001b[32m\"button\"\u001b[39m\n\u001b[36m>\u001b[39m\n  \u001b[0mhero\u001b[0m\n\u001b[36m</button>\u001b[39m\n\nIgnored nodes: comments, script, style\n\u001b[36m<button\u001b[39m\n  \u001b[33mclass\u001b[39m=\u001b[32m\"flex items-center gap-2 text-[10px] bg-[rgba(var(--bg),1)] text-[rgba(var(--fg),1)] hover:bg-[#8a9a5b] hover:text-[#1c1c1c] px-4 py-3 uppercase tracking-widest transition-colors\"\u001b[39m\n  \u001b[33mtype\u001b[39m=\u001b[32m\"button\"\u001b[39m\n\u001b[36m>\u001b[39m\n  \u001b[36m<svg\u001b[39m\n    \u001b[33maria-hidden\u001b[39m=\u001b[32m\"true\"\u001b[39m\n    \u001b[33mclass\u001b[39m=\u001b[32m\"lucide lucide-plus\"\u001b[39m\n    \u001b[33mfill\u001b[39m=\u001b[32m\"none\"\u001b[39m\n    \u001b[33mheight\u001b[39m=\u001b[32m\"14\"\u001b[39m\n    \u001b[33mstroke\u001b[39m=\u001b[32m\"currentColor\"\u001b[39m\n    \u001b[33mstroke-linecap\u001b[39m=\u001b[32m\"round\"\u001b[39m\n    \u001b[33mstroke-linejoin\u001b[39m=\u001b[32m\"round\"\u001b[39m\n    \u001b[33mstroke-width\u001b[39m=\u001b[32m\"2\"\u001b[39m\n    \u001b[33mviewBox\u001b[39m=\u001b[32m\"0 0 24 24\"\u001b[39m\n    \u001b[33mwidth\u001b[39m=\u001b[32m\"14\"\u001b[39m\n    \u001b[33mxmlns\u001b[39m=\u001b[32m\"http://www.w3.org/2000/svg\"\u001b[39m\n  \u001b[36m>\u001b[39m\n    \u001b[36m<path\u001b[39m\n      \u001b[33md\u001b[39m=\u001b[32m\"M5 12h14\"\u001b[39m\n    \u001b[36m/>\u001b[39m\n    \u001b[36m<path\u001b[39m\n      \u001b[33md\u001b[39m=\u001b[32m\"M12 5v14\"\u001b[39m\n    \u001b[36m/>\u001b[39m\n  \u001b[36m</svg>\u001b[39m\n  \u001b[0m Add Hero Section\u001b[0m\n\u001b[36m</button>\u001b[39m\n\n(If this is intentional, then use the `*AllBy*` variant of the query (like `queryAllByText`, `getAllByText`, or `findAllByText`)).\n\nIgnored nodes: comments, script, style\n\u001b[36m<body>\u001b[39m\n  \u001b[36m<div>\u001b[39m\n    \u001b[36m<form\u001b[39m\n      \u001b[33mclass\u001b[39m=\u001b[32m\"grid grid-cols-1 lg:grid-cols-12 gap-12 pb-24\"\u001b[39m\n    \u001b[36m>\u001b[39m\n      \u001b[36m<div\u001b[39m\n        \u001b[33mclass\u001b[39m=\u001b[32m\"lg:col-span-3 flex lg:flex-col overflow-x-auto lg:overflow-visible gap-8 lg:gap-4 border-b lg:border-b-0 lg:border-r border-[rgba(var(--fg),0.1)] pb-4 lg:pb-0 lg:pr-8 h-fit\"\u001b[39m\n      \u001b[36m>\u001b[39m\n        \u001b[36m<button\u001b[39m\n          \u001b[33mclass\u001b[39m=\u001b[32m\"text-xs uppercase tracking-[0.2em] text-left transition-all py-2 px-2 border-l-2 border-[#8a9a5b] text-[#1c1c1c] font-bold pl-4 bg-[rgba(var(--fg),0.05)]\"\u001b[39m\n          \u001b[33mtype\u001b[39m=\u001b[32m\"button\"\u001b[39m\n        \u001b[36m>\u001b[39m\n          \u001b[0mgeneral\u001b[0m\n        \u001b[36m</button>\u001b[39m\n        \u001b[36m<button\u001b[39m\n          \u001b[33mclass\u001b[39m=\u001b[32m\"text-xs uppercase tracking-[0.2em] text-left transition-all py-2 px-2 border-l-2 border-transparent text-[rgba(var(--fg),0.5)] hover:text-[#1c1c1c] hover:pl-4\"\u001b[39m\n          \u001b[33mtype\u001b[39m=\u001b[32m\"button\"\u001b[39m\n        \u001b[36m>\u001b[39m\n          \u001b[0mhero\u001b[0m\n        \u001b[36m</button>\u001b[39m\n        \u001b[36m<button\u001b[39m\n          \u001b[33mclass\u001b[39m=\u001b[32m\"text-xs uppercase tracking-[0.2em] text-left transition-all py-2 px-2 border-l-2 border-transparent text-[rgba(var(--fg),0.5)] hover:text-[#1c1c1c] hover:pl-4\"\u001b[39m\n          \u001b[33mtype\u001b[39m=\u001b[32m\"button\"\u001b[39m\n        \u001b[36m>\u001b[39m\n          \u001b[0mspaces\u001b[0m\n        \u001b[36m</button>\u001b[39m\n        \u001b[36m<button\u001b[39m\n          \u001b[33mclass\u001b[39m=\u001b[32m\"text-xs uppercase tracking-[0.2em] text-left transition-all py-2 px-2 border-l-2 border-transparent text-[rgba(var(--fg),0.5)] hover:text-[#1c1c1c] hover:pl-4\"\u001b[39m\n          \u001b[33mtype\u001b[39m=\u001b[32m\"button\"\u001b[39m\n        \u001b[36m>\u001b[39m\n          \u001b[0mgallery\u001b[0m\n        \u001b[36m</button>\u001b[39m\n      \u001b[36m</div>\u001b[39m\n      \u001b[36m<div\u001b[39m\n        \u001b[33mclass\u001b[39m=\u001b[32m\"lg:col-span-9 min-h-[500px]\"\u001b[39m\n      \u001b[36m>\u001b[39m\n        \u001b[36m<div\u001b[39m\n          \u001b[33mclass\u001b[39m=\u001b[32m\"block animate-in fade-in\"\u001b[39m\n        \u001b[36m>\u001b[39m\n          \u001b[36m<div\u001b[39m\n            \u001b[33mclass\u001b[39m=\u001b[32m\"grid grid-cols-1 md:grid-cols-2 gap-x-12 gap-y-8\"\u001b[39m\n          \u001b[36m>\u001b[39m\n            \u001b[36m<div\u001b[39m\n              \u001b[33mclass\u001b[39m=\u001b[32m\"space-y-2 group\"\u001b[39m\n            \u001b[36m>\u001b[39m\n              \u001b[36m<label\u001b[39m\n                \u001b[33mclass\u001b[39m=\u001b[32m\"text-[9px] font-bold uppercase tracking-[0.15em] text-[rgba(var(--fg),0.5)] group-focus-within:text-[#1c1c1c] transition-colors\"\u001b[39m\n                \u001b[33mfor\u001b[39m=\u001b[32m\"title\"\u001b[39m\n              \u001b[36m>\u001b[39m\n                \u001b[0mProject Title\u001b[0m\n              \u001b[36m</label>\u001b[39m\n              \u001b[36m<input\u001b[39m\n                \u001b[33mclass\u001b[39m=\u001b[32m\"w-full pb-2 bg-transparent border-b border-[rgba(var(--fg),0.2)] focus:border-[#8a9a5b] transition-colors outline-none text-sm font-medium placeholder:text-[rgba(var(--fg),0.4)] font-mono\"\u001b[39m\n                \u001b[33mid\u001b[39m=\u001b[32m\"title\"\u001b[39m\n                \u001b[33mname\u001b[39m=\u001b[32m\"title\"\u001b[39m\n                \u001b[33mplaceholder\u001b[39m=\u001b[32m\"Project Name\"\u001b[39m\n              \u001b[36m/>\u001b[39m\n            \u001b[36m</div>\u001b[39m\n            \u001b[36m<div\u001b[39m\n              \u001b[33mclass\u001b[39m=\u001b[32m\"space-y-2 group\"\u001b[39m\n            \u001b[36m>\u001b[39m\n              \u001b[36m<label\u001b[39m\n                \u001b[33mclass\u001b[39m=\u001b[32m\"text-[9px] font-bold uppercase tracking-[0.15em] text-[rgba(var(--fg),0.5)] group-focus-within:text-[#1c1c1c] transition-colors\"\u001b[39m\n                \u001b[33mfor\u001b[39m=\u001b[32m\"year\"\u001b[39m\n              \u001b[36m>\u001b[39m\n                \u001b[0mYear\u001b[0m\n              \u001b[36m</label>\u001b[39m\n              \u001b[36m<input\u001b[39m\n                \u001b[33mclass\u001b[39m=\u001b[32m\"w-full pb-2 bg-transparent border-b border-[rgba(var(--fg),0.2)] focus:border-[#8a9a5b] transition-colors outline-none text-sm font-medium placeholder:text-[rgba(var(--fg),0.4)] font-mono\"\u001b[39m\n                \u001b[33mid\u001b[39m=\u001b[32m\"year\"\u001b[39m\n                \u001b[33mname\u001b[39m=\u001b[32m\"year\"\u001b[39m\n                \u001b[33mplaceholder\u001b[39m=\u001b[32m\"2024\"\u001b[39m\n              \u001b[36m/>\u001b[39m\n            \u001b[36m</div>\u001b[39m\n            \u001b[36m<div\u001b[39m\n              \u001b[33mclass\u001b[39m=\u001b[32m\"space-y-2 group\"\u001b[39m\n            \u001b[36m>\u001b[39m\n              \u001b[36m<label\u001b[39m\n                \u001b[33mclass\u001b[39m=\u001b[32m\"text-[9px] font-bold uppercase tracking-[0.15em] text-[rgba(var(--fg),0.5)] group-focus-within:text-[#1c1c1c] transition-colors\"\u001b[39m\n                \u001b[33mfor\u001b[39m=\u001b[32m\"category\"\u001b[39m\n              \u001b[36m>\u001b[39m\n                \u001b[0mCategory\u001b[0m\n              \u001b[36m</label>\u001b[39m\n              \u001b[36m<input\u001b[39m\n                \u001b[33mclass\u001b[39m=\u001b[32m\"w-full pb-2 bg-transparent border-b border-[rgba(var(--fg),0.2)] focus:border-[#8a9a5b] transition-colors outline-none text-sm font-medium placeholder:text-[rgba(var(--fg),0.4)] font-mono\"\u001b[39m\n                \u001b[33mid\u001b[39m=\u001b[32m\"category\"\u001b[39m\n                \u001b[33mname\u001b[39m=\u001b[32m\"category\"\u001b[39m\n                \u001b[33mplaceholder\u001b[39m=\u001b[32m\"Residential\"\u001b[39m\n              \u001b[36m/>\u001b[39m\n            \u001b[36m</div>\u001b[39m\n            \u001b[36m<div\u001b[39m\n              \u001b[33mclass\u001b[39m=\u001b[32m\"md:col-span-2\"\u001b[39m\n            \u001b[36m>\u001b[39m\n              \u001b[36m<button\u001b[39m\n                \u001b[33mtype\u001b[39m=\u001b[32m\"button\"\u001b[39m\n              \u001b[36m>\u001b[39m\n                \u001b[0mMain Project Image\u001b[0m\n              \u001b[36m</button>\u001b[39m\n            \u001b[36m</div>\u001b[39m\n            \u001b[36m<div\u001b[39m\n              \u001b[33mclass\u001b[39m=\u001b[32m\"md:col-span-2 grid grid-cols-1 md:grid-cols-2 gap-x-12 gap-y-8 bg-[rgba(var(--fg),0.02)] p-6 border border-[rgba(var(--fg),0.1)]\"\u001b[39m\n            \u001b[36m>\u001b[39m\n              \u001b[36m<div\u001b[39m\n                \u001b[33mclass\u001b[39m=\u001b[32m\"space-y-2 group\"\u001b[39m\n              \u001b[36m>\u001b[39m\n                \u001b[36m<label\u001b[39m\n                  \u001b[33mclass\u001b[39m=\u001b[32m\"text-[9px] font-bold uppercase tracking-[0.15em] text-[rgba(var(--fg),0.5)] group-focus-within:text-[#1c1c1c] transition-colors\"\u001b[39m\n                  \u001b[33mfor\u001b[39m=\u001b[32m\"status\"\u001b[39m\n                \u001b[36m>\u001b[39m\n                  \u001b[0mProject Status\u001b[0m\n                \u001b[36m</label>\u001b[39m\n                \u001b[36m<select\u001b[39m\n                  \u001b[33mclass\u001b[39m=\u001b[32m\"w-full pb-2 bg-transparent border-b border-[rgba(var(--fg),0.2)] focus:border-[#8a9a5b] transition-colors outline-none text-sm font-medium uppercase cursor-pointer\"\u001b[39m\n                  \u001b[33mid\u001b[39m=\u001b[32m\"status\"\u001b[39m\n                  \u001b[33mname\u001b[39m=\u001b[32m\"status\"\u001b[39m\n                \u001b[36m>\u001b[39m\n                  \u001b[36m<option\u001b[39m\n                    \u001b[33mvalue\u001b[39m=\u001b[32m\"active\"\u001b[39m\n                  \u001b[36m>\u001b[39m\n                    \u001b[0mActive (Visible)\u001b[0m\n                  \u001b[36m</option>\u001b[39m\n                  \u001b[36m<option\u001b[39m\n                    \u001b[33mvalue\u001b[39m=\u001b[32m\"draft\"\u001b[39m\n                  \u001b[36m>\u001b[39m\n                    \u001b[0mDraft (Hidden)\u001b[0m\n                  \u001b[36m</option>\u001b[39m\n                  \u001b[36m<option\u001b[39m\n                    \u001b[33mvalue\u001b[39m=\u001b[32m\"archived\"\u001b[39m\n                  \u001b[36m>\u001b[39m\n                    \u001b[0mArchived\u001b[0m\n                  \u001b[36m</option>\u001b[39m\n                \u001b[36m</select>\u001b[39m\n              \u001b[36m</div>\u001b[39m\n            \u001b[36m</div>\u001b[3...\n    at Object.getElementError (I:\\AvailArch\\node_modules\\@testing-library\\dom\\dist\\config.js:37:19)\n    at getElementError (I:\\AvailArch\\node_modules\\@testing-library\\dom\\dist\\query-helpers.js:20:35)\n    at getMultipleElementsFoundError (I:\\AvailArch\\node_modules\\@testing-library\\dom\\dist\\query-helpers.js:23:10)\n    at I:\\AvailArch\\node_modules\\@testing-library\\dom\\dist\\query-helpers.js:55:13\n    at I:\\AvailArch\\node_modules\\@testing-library\\dom\\dist\\query-helpers.js:95:19\n    at I:/AvailArch/src/components/admin/ProjectForm.test.tsx:80:32\n    at file:///I:/AvailArch/node_modules/@vitest/runner/dist/index.js:145:11\n    at file:///I:/AvailArch/node_modules/@vitest/runner/dist/index.js:915:26\n    at file:///I:/AvailArch/node_modules/@vitest/runner/dist/index.js:1243:20\n    at new Promise (<anonymous>)"],"meta":{}},{"ancestorTitles":["ProjectForm"],"fullName":"ProjectForm switches to spaces tab and shows Add Space button","status":"passed","title":"switches to spaces tab and shows Add Space button","duration":186.14750000000004,"failureMessages":[],"meta":{}},{"ancestorTitles":["ProjectForm"],"fullName":"ProjectForm switches to gallery tab and shows Add Image button","status":"passed","title":"switches to gallery tab and shows Add Image button","duration":182.308,"failureMessages":[],"meta":{}},{"ancestorTitles":["ProjectForm"],"fullName":"ProjectForm pre-populates all fields when initialData is provided (edit mode)","status":"passed","title":"pre-populates all fields when initialData is provided (edit mode)","duration":13.628999999999905,"failureMessages":[],"meta":{}},{"ancestorTitles":["ProjectForm"],"fullName":"ProjectForm disables the save button when isLoading is true","status":"failed","title":"disables the save button when isLoading is true","duration":285.4421000000002,"failureMessages":["TestingLibraryElementError: Unable to find an accessible element with the role \"button\" and name `/Save Project Changes/i`\n\nHere are the accessible roles:\n\n  button:\n\n  Name \"general\":\n  \u001b[36m<button\u001b[39m\n    \u001b[33mclass\u001b[39m=\u001b[32m\"text-xs uppercase tracking-[0.2em] text-left transition-all py-2 px-2 border-l-2 border-[#8a9a5b] text-[#1c1c1c] font-bold pl-4 bg-[rgba(var(--fg),0.05)]\"\u001b[39m\n    \u001b[33mtype\u001b[39m=\u001b[32m\"button\"\u001b[39m\n  \u001b[36m/>\u001b[39m\n\n  Name \"hero\":\n  \u001b[36m<button\u001b[39m\n    \u001b[33mclass\u001b[39m=\u001b[32m\"text-xs uppercase tracking-[0.2em] text-left transition-all py-2 px-2 border-l-2 border-transparent text-[rgba(var(--fg),0.5)] hover:text-[#1c1c1c] hover:pl-4\"\u001b[39m\n    \u001b[33mtype\u001b[39m=\u001b[32m\"button\"\u001b[39m\n  \u001b[36m/>\u001b[39m\n\n  Name \"spaces\":\n  \u001b[36m<button\u001b[39m\n    \u001b[33mclass\u001b[39m=\u001b[32m\"text-xs uppercase tracking-[0.2em] text-left transition-all py-2 px-2 border-l-2 border-transparent text-[rgba(var(--fg),0.5)] hover:text-[#1c1c1c] hover:pl-4\"\u001b[39m\n    \u001b[33mtype\u001b[39m=\u001b[32m\"button\"\u001b[39m\n  \u001b[36m/>\u001b[39m\n\n  Name \"gallery\":\n  \u001b[36m<button\u001b[39m\n    \u001b[33mclass\u001b[39m=\u001b[32m\"text-xs uppercase tracking-[0.2em] text-left transition-all py-2 px-2 border-l-2 border-transparent text-[rgba(var(--fg),0.5)] hover:text-[#1c1c1c] hover:pl-4\"\u001b[39m\n    \u001b[33mtype\u001b[39m=\u001b[32m\"button\"\u001b[39m\n  \u001b[36m/>\u001b[39m\n\n  Name \"Main Project Image\":\n  \u001b[36m<button\u001b[39m\n    \u001b[33mtype\u001b[39m=\u001b[32m\"button\"\u001b[39m\n  \u001b[36m/>\u001b[39m\n\n  Name \"Add Hero Section\":\n  \u001b[36m<button\u001b[39m\n    \u001b[33mclass\u001b[39m=\u001b[32m\"flex items-center gap-2 text-[10px] bg-[rgba(var(--bg),1)] text-[rgba(var(--fg),1)] hover:bg-[#8a9a5b] hover:text-[#1c1c1c] px-4 py-3 uppercase tracking-widest transition-colors\"\u001b[39m\n    \u001b[33mtype\u001b[39m=\u001b[32m\"button\"\u001b[39m\n  \u001b[36m/>\u001b[39m\n\n  Name \"Select or Drag multiple images here\":\n  \u001b[36m<button\u001b[39m\n    \u001b[33mtype\u001b[39m=\u001b[32m\"button\"\u001b[39m\n  \u001b[36m/>\u001b[39m\n\n  Name \"Add Space\":\n  \u001b[36m<button\u001b[39m\n    \u001b[33mclass\u001b[39m=\u001b[32m\"flex items-center gap-2 text-[10px] bg-[rgba(var(--bg),1)] text-[rgba(var(--fg),1)] hover:bg-[#8a9a5b] hover:text-[#1c1c1c] px-4 py-3 uppercase tracking-widest transition-colors\"\u001b[39m\n    \u001b[33mtype\u001b[39m=\u001b[32m\"button\"\u001b[39m\n  \u001b[36m/>\u001b[39m\n\n  Name \"Select or Drag multiple images here\":\n  \u001b[36m<button\u001b[39m\n    \u001b[33mtype\u001b[39m=\u001b[32m\"button\"\u001b[39m\n  \u001b[36m/>\u001b[39m\n\n  Name \"Add Image\":\n  \u001b[36m<button\u001b[39m\n    \u001b[33mclass\u001b[39m=\u001b[32m\"flex items-center gap-2 text-[10px] bg-[rgba(var(--bg),1)] text-[rgba(var(--fg),1)] hover:bg-[#8a9a5b] hover:text-[#1c1c1c] px-4 py-3 uppercase tracking-widest transition-colors\"\u001b[39m\n    \u001b[33mtype\u001b[39m=\u001b[32m\"button\"\u001b[39m\n  \u001b[36m/>\u001b[39m\n\n  Name \"Select or Drag multiple images here\":\n  \u001b[36m<button\u001b[39m\n    \u001b[33mtype\u001b[39m=\u001b[32m\"button\"\u001b[39m\n  \u001b[36m/>\u001b[39m\n\n  Name \"Saving...\":\n  \u001b[36m<button\u001b[39m\n    \u001b[33mclass\u001b[39m=\u001b[32m\"bg-[rgba(var(--bg),1)] text-[rgba(var(--fg),1)] hover:bg-[#8a9a5b] hover:text-[#1c1c1c] transition-all px-10 py-4 uppercase tracking-[0.2em] text-xs font-bold disabled:opacity-50\"\u001b[39m\n    \u001b[33mdisabled\u001b[39m=\u001b[32m\"\"\u001b[39m\n    \u001b[33mtype\u001b[39m=\u001b[32m\"submit\"\u001b[39m\n  \u001b[36m/>\u001b[39m\n\n  --------------------------------------------------\n  textbox:\n\n  Name \"Project Title\":\n  \u001b[36m<input\u001b[39m\n    \u001b[33mclass\u001b[39m=\u001b[32m\"w-full pb-2 bg-transparent border-b border-[rgba(var(--fg),0.2)] focus:border-[#8a9a5b] transition-colors outline-none text-sm font-medium placeholder:text-[rgba(var(--fg),0.4)] font-mono\"\u001b[39m\n    \u001b[33mid\u001b[39m=\u001b[32m\"title\"\u001b[39m\n    \u001b[33mname\u001b[39m=\u001b[32m\"title\"\u001b[39m\n    \u001b[33mplaceholder\u001b[39m=\u001b[32m\"Project Name\"\u001b[39m\n  \u001b[36m/>\u001b[39m\n\n  Name \"Year\":\n  \u001b[36m<input\u001b[39m\n    \u001b[33mclass\u001b[39m=\u001b[32m\"w-full pb-2 bg-transparent border-b border-[rgba(var(--fg),0.2)] focus:border-[#8a9a5b] transition-colors outline-none text-sm font-medium placeholder:text-[rgba(var(--fg),0.4)] font-mono\"\u001b[39m\n    \u001b[33mid\u001b[39m=\u001b[32m\"year\"\u001b[39m\n    \u001b[33mname\u001b[39m=\u001b[32m\"year\"\u001b[39m\n    \u001b[33mplaceholder\u001b[39m=\u001b[32m\"2024\"\u001b[39m\n  \u001b[36m/>\u001b[39m\n\n  Name \"Category\":\n  \u001b[36m<input\u001b[39m\n    \u001b[33mclass\u001b[39m=\u001b[32m\"w-full pb-2 bg-transparent border-b border-[rgba(var(--fg),0.2)] focus:border-[#8a9a5b] transition-colors outline-none text-sm font-medium placeholder:text-[rgba(var(--fg),0.4)] font-mono\"\u001b[39m\n    \u001b[33mid\u001b[39m=\u001b[32m\"category\"\u001b[39m\n    \u001b[33mname\u001b[39m=\u001b[32m\"category\"\u001b[39m\n    \u001b[33mplaceholder\u001b[39m=\u001b[32m\"Residential\"\u001b[39m\n  \u001b[36m/>\u001b[39m\n\n  Name \"Description\":\n  \u001b[36m<textarea\u001b[39m\n    \u001b[33mclass\u001b[39m=\u001b[32m\"w-full p-4 bg-[rgba(var(--fg),0.02)] border border-[rgba(var(--fg),0.1)] focus:border-[#8a9a5b] transition-colors outline-none text-sm font-mono resize-none custom-scrollbar\"\u001b[39m\n    \u001b[33mid\u001b[39m=\u001b[32m\"description\"\u001b[39m\n    \u001b[33mname\u001b[39m=\u001b[32m\"description\"\u001b[39m\n    \u001b[33mplaceholder\u001b[39m=\u001b[32m\"Project details...\"\u001b[39m\n    \u001b[33mrows\u001b[39m=\u001b[32m\"5\"\u001b[39m\n  \u001b[36m/>\u001b[39m\n\n  --------------------------------------------------\n  combobox:\n\n  Name \"Project Status\":\n  \u001b[36m<select\u001b[39m\n    \u001b[33mclass\u001b[39m=\u001b[32m\"w-full pb-2 bg-transparent border-b border-[rgba(var(--fg),0.2)] focus:border-[#8a9a5b] transition-colors outline-none text-sm font-medium uppercase cursor-pointer\"\u001b[39m\n    \u001b[33mid\u001b[39m=\u001b[32m\"status\"\u001b[39m\n    \u001b[33mname\u001b[39m=\u001b[32m\"status\"\u001b[39m\n  \u001b[36m/>\u001b[39m\n\n  --------------------------------------------------\n  option:\n\n  Name \"Active (Visible)\":\n  \u001b[36m<option\u001b[39m\n    \u001b[33mvalue\u001b[39m=\u001b[32m\"active\"\u001b[39m\n  \u001b[36m/>\u001b[39m\n\n  Name \"Draft (Hidden)\":\n  \u001b[36m<option\u001b[39m\n    \u001b[33mvalue\u001b[39m=\u001b[32m\"draft\"\u001b[39m\n  \u001b[36m/>\u001b[39m\n\n  Name \"Archived\":\n  \u001b[36m<option\u001b[39m\n    \u001b[33mvalue\u001b[39m=\u001b[32m\"archived\"\u001b[39m\n  \u001b[36m/>\u001b[39m\n\n  --------------------------------------------------\n  spinbutton:\n\n  Name \"Grid Col Span\":\n  \u001b[36m<input\u001b[39m\n    \u001b[33mclass\u001b[39m=\u001b[32m\"w-full pb-2 bg-transparent border-b border-[rgba(var(--fg),0.2)] focus:border-[#8a9a5b] transition-colors outline-none text-sm font-medium placeholder:text-[rgba(var(--fg),0.4)] font-mono\"\u001b[39m\n    \u001b[33mid\u001b[39m=\u001b[32m\"gridColSpan\"\u001b[39m\n    \u001b[33mname\u001b[39m=\u001b[32m\"gridColSpan\"\u001b[39m\n    \u001b[33mplaceholder\u001b[39m=\u001b[32m\"1\"\u001b[39m\n    \u001b[33mtype\u001b[39m=\u001b[32m\"number\"\u001b[39m\n  \u001b[36m/>\u001b[39m\n\n  Name \"Grid Row Span\":\n  \u001b[36m<input\u001b[39m\n    \u001b[33mclass\u001b[39m=\u001b[32m\"w-full pb-2 bg-transparent border-b border-[rgba(var(--fg),0.2)] focus:border-[#8a9a5b] transition-colors outline-none text-sm font-medium placeholder:text-[rgba(var(--fg),0.4)] font-mono\"\u001b[39m\n    \u001b[33mid\u001b[39m=\u001b[32m\"gridRowSpan\"\u001b[39m\n    \u001b[33mname\u001b[39m=\u001b[32m\"gridRowSpan\"\u001b[39m\n    \u001b[33mplaceholder\u001b[39m=\u001b[32m\"1\"\u001b[39m\n    \u001b[33mtype\u001b[39m=\u001b[32m\"number\"\u001b[39m\n  \u001b[36m/>\u001b[39m\n\n  --------------------------------------------------\n  heading:\n\n  Name \"Hero Sections\":\n  \u001b[36m<h3\u001b[39m\n    \u001b[33mclass\u001b[39m=\u001b[32m\"text-sm font-bold uppercase tracking-widest\"\u001b[39m\n  \u001b[36m/>\u001b[39m\n\n  Name \"Bulk Add Hero Sections\":\n  \u001b[36m<h4\u001b[39m\n    \u001b[33mclass\u001b[39m=\u001b[32m\"text-[10px] font-bold uppercase tracking-widest text-[rgba(var(--fg),0.6)] mb-4\"\u001b[39m\n  \u001b[36m/>\u001b[39m\n\n  Name \"Process Spaces\":\n  \u001b[36m<h3\u001b[39m\n    \u001b[33mclass\u001b[39m=\u001b[32m\"text-sm font-bold uppercase tracking-widest\"\u001b[39m\n  \u001b[36m/>\u001b[39m\n\n  Name \"Bulk Add Spaces\":\n  \u001b[36m<h4\u001b[39m\n    \u001b[33mclass\u001b[39m=\u001b[32m\"text-[10px] font-bold uppercase tracking-widest text-[rgba(var(--fg),0.6)] mb-4\"\u001b[39m\n  \u001b[36m/>\u001b[39m\n\n  Name \"Gallery\":\n  \u001b[36m<h3\u001b[39m\n    \u001b[33mclass\u001b[39m=\u001b[32m\"text-sm font-bold uppercase tracking-widest\"\u001b[39m\n  \u001b[36m/>\u001b[39m\n\n  Name \"Bulk Add to Gallery\":\n  \u001b[36m<h4\u001b[39m\n    \u001b[33mclass\u001b[39m=\u001b[32m\"text-[10px] font-bold uppercase tracking-widest text-[rgba(var(--fg),0.6)] mb-4\"\u001b[39m\n  \u001b[36m/>\u001b[39m\n\n  --------------------------------------------------\n  paragraph:\n\n  Name \"\":\n  \u001b[36m<p\u001b[39m\n    \u001b[33mclass\u001b[39m=\u001b[32m\"text-[10px] text-[rgba(var(--fg),0.4)] mt-4\"\u001b[39m\n  \u001b[36m/>\u001b[39m\n\n  Name \"\":\n  \u001b[36m<p\u001b[39m\n    \u001b[33mclass\u001b[39m=\u001b[32m\"text-xs text-[rgba(var(--fg),0.5)] italic\"\u001b[39m\n  \u001b[36m/>\u001b[39m\n\n  Name \"\":\n  \u001b[36m<p\u001b[39m\n    \u001b[33mclass\u001b[39m=\u001b[32m\"text-[10px] text-[rgba(var(--fg),0.4)] mt-4\"\u001b[39m\n  \u001b[36m/>\u001b[39m\n\n  Name \"\":\n  \u001b[36m<p\u001b[39m\n    \u001b[33mclass\u001b[39m=\u001b[32m\"text-xs text-[rgba(var(--fg),0.5)] italic\"\u001b[39m\n  \u001b[36m/>\u001b[39m\n\n  Name \"\":\n  \u001b[36m<p\u001b[39m\n    \u001b[33mclass\u001b[39m=\u001b[32m\"text-[10px] text-[rgba(var(--fg),0.4)] mt-4\"\u001b[39m\n  \u001b[36m/>\u001b[39m\n\n  Name \"\":\n  \u001b[36m<p\u001b[39m\n    \u001b[33mclass\u001b[39m=\u001b[32m\"text-xs text-[rgba(var(--fg),0.5)] italic\"\u001b[39m\n  \u001b[36m/>\u001b[39m\n\n  --------------------------------------------------\n\nIgnored nodes: comments, script, style\n\u001b[36m<body>\u001b[39m\n  \u001b[36m<div>\u001b[39m\n    \u001b[36m<form\u001b[39m\n      \u001b[33mclass\u001b[39m=\u001b[32m\"grid grid-cols-1 lg:grid-cols-12 gap-12 pb-24\"\u001b[39m\n    \u001b[36m>\u001b[39m\n      \u001b[36m<div\u001b[39m\n        \u001b[33mclass\u001b[39m=\u001b[32m\"lg:col-span-3 flex lg:flex-col overflow-x-auto lg:overflow-visible gap-8 lg:gap-4 border-b lg:border-b-0 lg:border-r border-[rgba(var(--fg),0.1)] pb-4 lg:pb-0 lg:pr-8 h-fit\"\u001b[39m\n      \u001b[36m>\u001b[39m\n        \u001b[36m<button\u001b[39m\n          \u001b[33mclass\u001b[39m=\u001b[32m\"text-xs uppercase tracking-[0.2em] text-left transition-all py-2 px-2 border-l-2 border-[#8a9a5b] text-[#1c1c1c] font-bold pl-4 bg-[rgba(var(--fg),0.05)]\"\u001b[39m\n          \u001b[33mtype\u001b[39m=\u001b[32m\"button\"\u001b[39m\n        \u001b[36m>\u001b[39m\n          \u001b[0mgeneral\u001b[0m\n        \u001b[36m</button>\u001b[39m\n        \u001b[36m<button\u001b[39m\n          \u001b[33mclass\u001b[39m=\u001b[32m\"text-xs uppercase tracking-[0.2em] text-left transition-all py-2 px-2 border-l-2 border-transparent text-[rgba(var(--fg),0.5)] hover:text-[#1c1c1c] hover:pl-4\"\u001b[39m\n          \u001b[33mtype\u001b[39m=\u001b[32m\"button\"\u001b[39m\n        \u001b[36m>\u001b[39m\n          \u001b[0mhero\u001b[0m\n        \u001b[36m</button>\u001b[39m\n        \u001b[36m<button\u001b[39m\n          \u001b[33mclass\u001b[39m=\u001b[32m\"text-xs uppercase tracking-[0.2em] text-left transition-all py-2 px-2 border-l-2 border-transparent text-[rgba(var(--fg),0.5)] hover:text-[#1c1c1c] hover:pl-4\"\u001b[39m\n          \u001b[33mtype\u001b[39m=\u001b[32m\"button\"\u001b[39m\n        \u001b[36m>\u001b[39m\n          \u001b[0mspaces\u001b[0m\n        \u001b[36m</button>\u001b[39m\n        \u001b[36m<button\u001b[39m\n          \u001b[33mclass\u001b[39m=\u001b[32m\"text-xs uppercase tracking-[0.2em] text-left transition-all py-2 px-2 border-l-2 border-transparent text-[rgba(var(--fg),0.5)] hover:text-[#1c1c1c] hover:pl-4\"\u001b[39m\n          \u001b[33mtype\u001b[39m=\u001b[32m\"button\"\u001b[39m\n        \u001b[36m>\u001b[39m\n          \u001b[0mgallery\u001b[0m\n        \u001b[36m</button>\u001b[39m\n      \u001b[36m</div>\u001b[39m\n      \u001b[36m<div\u001b[39m\n        \u001b[33mclass\u001b[39m=\u001b[32m\"lg:col-span-9 min-h-[500px]\"\u001b[39m\n      \u001b[36m>\u001b[39m\n        \u001b[36m<div\u001b[39m\n          \u001b[33mclass\u001b[39m=\u001b[32m\"block animate-in fade-in\"\u001b[39m\n        \u001b[36m>\u001b[39m\n          \u001b[36m<div\u001b[39m\n            \u001b[33mclass\u001b[39m=\u001b[32m\"grid grid-cols-1 md:grid-cols-2 gap-x-12 gap-y-8\"\u001b[39m\n          \u001b[36m>\u001b[39m\n            \u001b[36m<div\u001b[39m\n              \u001b[33mclass\u001b[39m=\u001b[32m\"space-y-2 group\"\u001b[39m\n            \u001b[36m>\u001b[39m\n              \u001b[36m<label\u001b[39m\n                \u001b[33mclass\u001b[39m=\u001b[32m\"text-[9px] font-bold uppercase tracking-[0.15em] text-[rgba(var(--fg),0.5)] group-focus-within:text-[#1c1c1c] transition-colors\"\u001b[39m\n                \u001b[33mfor\u001b[39m=\u001b[32m\"title\"\u001b[39m\n              \u001b[36m>\u001b[39m\n                \u001b[0mProject Title\u001b[0m\n              \u001b[36m</label>\u001b[39m\n              \u001b[36m<input\u001b[39m\n                \u001b[33mclass\u001b[39m=\u001b[32m\"w-full pb-2 bg-transparent border-b border-[rgba(var(--fg),0.2)] focus:border-[#8a9a5b] transition-colors outline-none text-sm font-medium placeholder:text-[rgba(var(--fg),0.4)] font-mono\"\u001b[39m\n                \u001b[33mid\u001b[39m=\u001b[32m\"title\"\u001b[39m\n                \u001b[33mname\u001b[39m=\u001b[32m\"title\"\u001b[39m\n                \u001b[33mplaceholder\u001b[39m=\u001b[32m\"Project Name\"\u001b[39m\n              \u001b[36m/>\u001b[39m\n            \u001b[36m</div>\u001b[39m\n            \u001b[36m<div\u001b[39m\n              \u001b[33mclass\u001b[39m=\u001b[32m\"space-y-2 group\"\u001b[39m\n            \u001b[36m>\u001b[39m\n              \u001b[36m<label\u001b[39m\n                \u001b[33mclass\u001b[39m=\u001b[32m\"text-[9px] font-bold uppercase tracking-[0.15em] text-[rgba(var(--fg),0.5)] group-focus-within:text-[#1c1c1c] transition-colors\"\u001b[39m\n                \u001b[33mfor\u001b[39m=\u001b[32m\"year\"\u001b[39m\n              \u001b[36m>\u001b[39m\n                \u001b[0mYear\u001b[0m\n              \u001b[36m</label>\u001b[39m\n              \u001b[36m<input\u001b[39m\n                \u001b[33mclass\u001b[39m=\u001b[32m\"w-full pb-2 bg-transparent border-b border-[rgba(var(--fg),0.2)] focus:border-[#8a9a5b] transition-colors outline-none text-sm font-medium placeholder:text-[rgba(var(--fg),0.4)] font-mono\"\u001b[39m\n                \u001b[33mid\u001b[39m=\u001b[32m\"year\"\u001b[39m\n                \u001b[33mname\u001b[39m=\u001b[32m\"year\"\u001b[39m\n                \u001b[33mplaceholder\u001b[39m=\u001b[32m\"2024\"\u001b[39m\n              \u001b[36m/>\u001b[39m\n            \u001b[36m</div>\u001b[39m\n            \u001b[36m<div\u001b[39m\n              \u001b[33mclass\u001b[39m=\u001b[32m\"space-y-2 group\"\u001b[39m\n            \u001b[36m>\u001b[39m\n              \u001b[36m<label\u001b[39m\n                \u001b[33mclass\u001b[39m=\u001b[32m\"text-[9px] font-bold uppercase tracking-[0.15em] text-[rgba(var(--fg),0.5)] group-focus-within:text-[#1c1c1c] transition-colors\"\u001b[39m\n                \u001b[33mfor\u001b[39m=\u001b[32m\"category\"\u001b[39m\n              \u001b[36m>\u001b[39m\n                \u001b[0mCategory\u001b[0m\n              \u001b[36m</label>\u001b[39m\n              \u001b[36m<input\u001b[39m\n                \u001b[33mclass\u001b[39m=\u001b[32m\"w-full pb-2 bg-transparent border-b border-[rgba(var(--fg),0.2)] focus:border-[#8a9a5b] transition-colors outline-none text-sm font-medium placeholder:text-[rgba(var(--fg),0.4)] font-mono\"\u001b[39m\n                \u001b[33mid\u001b[39m=\u001b[32m\"category\"\u001b[39m\n                \u001b[33mname\u001b[39m=\u001b[32m\"category\"\u001b[39m\n                \u001b[33mplaceholder\u001b[39m=\u001b[32m\"Residential\"\u001b[39m\n              \u001b[36m/>\u001b[39m\n            \u001b[36m</div>\u001b[39m\n            \u001b[36m<div\u001b[39m\n              \u001b[33mclass\u001b[39m=\u001b[32m\"md:col-span-2\"\u001b[39m\n            \u001b[36m>\u001b[39m\n              \u001b[36m<button\u001b[39m\n                \u001b[33mtype\u001b[39m=\u001b[32m\"button\"\u001b[39m\n              \u001b[36m>\u001b[39m\n                \u001b[0mMain Project Image\u001b[0m\n              \u001b[36m</button>\u001b[39m\n            \u001b[36m</div>\u001b[39m\n            \u001b[36m<div\u001b[39m\n              \u001b[33mclass\u001b[39m=\u001b[32m\"md:col-span-2 grid grid-cols-1 md:grid-cols-2 gap-x-12 gap-y-8 bg-[rgba(var(--fg),0.02)] p-6 border border-[rgba(var(--fg),0.1)]\"\u001b[39m\n            \u001b[36m>\u001b[39m\n              \u001b[36m<div\u001b[39m\n                \u001b[33mclass\u001b[39m=\u001b[32m\"space-y-2 group\"\u001b[39m\n              \u001b[36m>\u001b[39m\n                \u001b[36m<label\u001b[39m\n                  \u001b[33mclass\u001b[39m=\u001b[32m\"text-[9px] font-bold uppercase tracking-[0.15em] text-[rgba(var(--fg),0.5)] group-focus-within:text-[#1c1c1c] transition-colors\"\u001b[39m\n                  \u001b[33mfor\u001b[39m=\u001b[32m\"status\"\u001b[39m\n                \u001b[36m>\u001b[39m\n                  \u001b[0mProject Status\u001b[0m\n                \u001b[36m</label>\u001b[39m\n                \u001b[36m<select\u001b[39m\n                  \u001b[33mclass\u001b[39m=\u001b[32m\"w-full pb-2 bg-transparent border-b border-[rgba(var(--fg),0.2)] focus:border-[#8a9a5b] transition-colors outline-none text-sm font-medium uppercase cursor-pointer\"\u001b[39m\n                  \u001b[33mid\u001b[39m=\u001b[32m\"status\"\u001b[39m\n                  \u001b[33mname\u001b[39m=\u001b[32m\"status\"\u001b[39m\n                \u001b[36m>\u001b[39m\n                  \u001b[36m<option\u001b[39m\n                    \u001b[33mvalue\u001b[39m=\u001b[32m\"active\"\u001b[39m\n                  \u001b[36m>\u001b[39m\n                    \u001b[0mActive (Visible)\u001b[0m\n                  \u001b[36m</option>\u001b[39m\n                  \u001b[36m<option\u001b[39m\n                    \u001b[33mvalue\u001b[39m=\u001b[32m\"draft\"\u001b[39m\n                  \u001b[36m>\u001b[39m\n                    \u001b[0mDraft (Hidden)\u001b[0m\n                  \u001b[36m</option>\u001b[39m\n                  \u001b[36m<option\u001b[39m\n                    \u001b[33mvalue\u001b[39m=\u001b[32m\"archived\"\u001b[39m\n                  \u001b[36m>\u001b[39m\n                    \u001b[0mArchived\u001b[0m\n                  \u001b[36m</option>\u001b[39m\n                \u001b[36m</select>\u001b[39m\n              \u001b[36m</div>\u001b[39m\n            \u001b[36m</div>\u001b[3...\n    at Object.getElementError (I:\\AvailArch\\node_modules\\@testing-library\\dom\\dist\\config.js:37:19)\n    at I:\\AvailArch\\node_modules\\@testing-library\\dom\\dist\\query-helpers.js:76:38\n    at I:\\AvailArch\\node_modules\\@testing-library\\dom\\dist\\query-helpers.js:52:17\n    at I:\\AvailArch\\node_modules\\@testing-library\\dom\\dist\\query-helpers.js:95:19\n    at I:/AvailArch/src/components/admin/ProjectForm.test.tsx:126:23\n    at file:///I:/AvailArch/node_modules/@vitest/runner/dist/index.js:145:11\n    at file:///I:/AvailArch/node_modules/@vitest/runner/dist/index.js:915:26\n    at file:///I:/AvailArch/node_modules/@vitest/runner/dist/index.js:1243:20\n    at new Promise (<anonymous>)\n    at runWithTimeout (file:///I:/AvailArch/node_modules/@vitest/runner/dist/index.js:1209:10)"],"meta":{}},{"ancestorTitles":["ProjectForm"],"fullName":"ProjectForm submits description textarea value correctly","status":"passed","title":"submits description textarea value correctly","duration":168.45629999999983,"failureMessages":[],"meta":{}},{"ancestorTitles":["ProjectForm"],"fullName":"ProjectForm accepts numeric gridColSpan and gridRowSpan inputs","status":"passed","title":"accepts numeric gridColSpan and gridRowSpan inputs","duration":172.26989999999978,"failureMessages":[],"meta":{}}],"startTime":1772912669774,"endTime":1772912671714.27,"status":"failed","message":"","name":"I:/AvailArch/src/components/admin/ProjectForm.test.tsx"}]}
